Contributing types: Sessions}
{"logTime": "1222/070134", "correlationVector":"W2b4xjwrNMsOcYAGpqhbQF.1","action":"SyncServerConnectionManagerRequest", "result":"SYNC_SERVER_OK", "context":{"environment":"Prod_southeastasia_prod-s01-064-apac-southeastasia", "migrationStage":"NotStarted", "server":"akswtt00300002b"}}
{"logTime": "1222/070134", "correlationVector":"W2b4xjwrNMsOcYAGpqhbQF.2","action":"Commit Response", "result":"Success", "context":Result: Success. cV=W2b4xjwrNMsOcYAGpqhbQF.0;server=akswtt00300002b;cloudType=Consumer;environment=Prod_southeastasia_prod-s01-064-apac-southeastasia;migrationStage=NotStarted}
{"logTime": "1222/070218", "correlationVector":"2CcXbkm5QexlLfoP3tZykR","action":"Commit Request", "result":"", "context":Item count: 1
Contributing types: Sessions}
{"logTime": "1222/070218", "correlationVector":"2CcXbkm5QexlLfoP3tZykR.1","action":"SyncServerConnectionManagerRequest", "result":"SYNC_SERVER_OK", "context":{"environment":"Prod_southeastasia_prod-s01-064-apac-southeastasia", "migrationStage":"NotStarted", "server":"akswtt00300002v"}}
{"logTime": "1222/070218", "correlationVector":"2CcXbkm5QexlLfoP3tZykR.2","action":"Commit Response", "result":"Success", "context":Result: Success. cV=2CcXbkm5QexlLfoP3tZykR.0;server=akswtt00300002v;cloudType=Consumer;environment=Prod_southeastasia_prod-s01-064-apac-southeastasia;migrationStage=NotStarted}
{"logTime": "1222/070248", "correlationVector":"SgmZm1U5U21xeiLU/+0JO+","action":"Commit Request", "result":"", "context":Item count: 1
Contributing types: Sessions}
{"logTime": "1222/070249", "correlationVector":"SgmZm1U5U21xeiLU/+0JO+.1","action":"SyncServerConnectionManagerRequest", "result":"SYNC_SERVER_OK", "context":{"environment":"Prod_southeastasia_prod-s01-064-apac-southeastasia", "migrationStage":"NotStarted", "server":"akswtt003000021"}}
{"logTime": "1222/070249", "correlationVector":"SgmZm1U5U21xeiLU/+0JO+.2","action":"Commit Response", "result":"Success", "context":Result: Success. cV=SgmZm1U5U21xeiLU/+0JO+.0;server=akswtt003000021;cloudType=Consumer;environment=Prod_southeastasia_prod-s01-064-apac-southeastasia;migrationStage=NotStarted}
{"logTime": "1222/070322", "correlationVector":"NgS83P61kZHJynM5Yul+Qa","action":"Commit Request", "result":"", "context":Item count: 1
Contributing types: Sessions}
{"logTime": "1222/070323", "correlationVector":"NgS83P61kZHJynM5Yul+Qa.1","action":"SyncServerConnectionManagerRequest", "result":"SYNC_SERVER_OK", "context":{"environment":"Prod_southeastasia_prod-s01-064-apac-southeastasia", "migrationStage":"NotStarted", "server":"akswtt003000014"}}
{"logTime": "1222/070323", "correlationVector":"NgS83P61kZHJynM5Yul+Qa.2","action":"Commit Response", "result":"Success", "context":Result: Success. cV=NgS83P61kZHJynM5Yul+Qa.0;server=akswtt003000014;cloudType=Consumer;environment=Prod_southeastasia_prod-s01-064-apac-southeastasia;migrationStage=NotStarted}
{"logTime": "1222/070405", "correlationVector":"XtJ7oYKrqL6V7Hn954MUcY","action":"Commit Request", "result":"", "context":Item count: 1
Contributing types: Sessions}
{"logTime": "1222/070406", "correlationVector":"XtJ7oYKrqL6V7Hn954MUcY.1","action":"SyncServerConnectionManagerRequest", "result":"SYNC_SERVER_OK", "context":{"environment":"Prod_southeastasia_prod-s01-064-apac-southeastasia", "migrationStage":"NotStarted", "server":"akswtt00300001e"}}
{"logTime": "1222/070406", "correlationVector":"XtJ7oYKrqL6V7Hn954MUcY.2","action":"Commit Response", "result":"Success", "context":Result: Success. cV=XtJ7oYKrqL6V7Hn954MUcY.0;server=akswtt00300001e;cloudType=Consumer;environment=Prod_southeastasia_prod-s01-064-apac-southeastasia;migrationStage=NotStarted}
{"logTime": "1222/070437", "correlationVector":"aASeF8Jr9uLGi2rRqOzBh0","action":"Commit Request", "result":"", "context":Item count: 4
Contributing types: Sessions, History}
{"logTime": "1222/070437", "correlationVector":"aASeF8Jr9uLGi2rRqOzBh0.1","action":"SyncServerConnectionManagerRequest", "result":"SYNC_SERVER_OK", "context":{"environment":"Prod_southeastasia_prod-s01-064-apac-southeastasia", "migrationStage":"NotStarted", "server":"akswtt00300002b"}}
{"logTime": "1222/070437", "correlationVector":"aASeF8Jr9uLGi2rRqOzBh0.2","action":"Commit Response", "result":"Success", "context":Result: Success. cV=aASeF8Jr9uLGi2rRqOzBh0.0;server=akswtt00300002b;cloudType=Consumer;environment=Prod_southeastasia_prod-s01-064-apac-southeastasia;migrationStage=NotStarted}
{"logTime": "1222/075021", "correlationVector":"Ry/zV9bOlQR3vTjD1T703h","action":"Commit Request", "result":"", "context":Item count: 1
Contributing types: Sessions}
{"logTime": "1222/075023", "correlationVector":"Ry/zV9bOlQR3vTjD1T703h.1","action":"SyncServerConnectionManagerRequest", "result":"SYNC_SERVER_OK", "context":{"environment":"Prod_southeastasia_prod-s01-064-apac-southeastasia", "migrationStage":"NotStarted", "server":"akswtt00300000f"}}
{"logTime": "1222/075023", "correlationVector":"Ry/zV9bOlQR3vTjD1T703h.2","action":"Commit Response", "result":"Success", "context":Result: Success. cV=Ry/zV9bOlQR3vTjD1T703h.0;server=akswtt00300000f;cloudType=Consumer;environment=Prod_southeastasia_prod-s01-064-apac-southeastasia;migrationStage=NotStarted}
{"logTime": "1222/075053", "correlationVector":"dqHjpIzLKc9ttsAspau+G4","action":"Commit Request", "result":"", "context":Item count: 1
Contributing types: Sessions}
{"logTime": "1222/075053", "correlationVector":"dqHjpIzLKc9ttsAspau+G4.1","action":"SyncServerConnectionManagerRequest", "result":"SYNC_SERVER_OK", "context":{"environment":"Prod_southeastasia_prod-s01-064-apac-southeastasia", "migrationStage":"NotStarted", "server":"akswtt00300002o"}}
{"logTime": "1222/075053", "correlationVector":"dqHjpIzLKc9ttsAspau+G4.2","action":"Commit Response", "result":"Success", "context":Result: Success. cV=dqHjpIzLKc9ttsAspau+G4.0;server=akswtt00300002o;cloudType=Consumer;environment=Prod_southeastasia_prod-s01-064-apac-southeastasia;migrationStage=NotStarted}
{"logTime": "1222/075123", "correlationVector":"4d7iIsq89eXoayTGK9AVEn","action":"Commit Request", "result":"", "context":Item count: 1
Contributing types: Sessions}
{"logTime": "1222/075124", "correlationVector":"4d7iIsq89eXoayTGK9AVEn.1","action":"SyncServerConnectionManagerRequest", "result":"SYNC_SERVER_OK", "context":{"environment":"Prod_southeastasia_prod-s01-064-apac-southeastasia", "migrationStage":"NotStarted", "server":"akswtt00300000l"}}
{"logTime": "1222/075124", "correlationVector":"4d7iIsq89eXoayTGK9AVEn.2","action":"Commit Response", "result":"Success", "context":Result: Success. cV=4d7iIsq89eXoayTGK9AVEn.0;server=akswtt00300000l;cloudType=Consumer;environment=Prod_southeastasia_prod-s01-064-apac-southeastasia;migrationStage=NotStarted}
{"logTime": "1222/075205", "correlationVector":"Byo2dOM01R0DgMlDFSgaMv","action":"Commit Request", "result":"", "context":Item count: 1
Contributing types: Sessions}
{"logTime": "1222/075205", "correlationVector":"Byo2dOM01R0DgMlDFSgaMv.1","action":"SyncServerConnectionManagerRequest", "result":"SYNC_SERVER_OK", "context":{"environment":"Prod_southeastasia_prod-s01-064-apac-southeastasia", "migrationStage":"NotStarted", "server":"akswtt00300002w"}}
{"logTime": "1222/075205", "correlationVector":"Byo2dOM01R0DgMlDFSgaMv.2","action":"Commit Response", "result":"Success", "context":Result: Success. cV=Byo2dOM01R0DgMlDFSgaMv.0;server=akswtt00300002w;cloudType=Consumer;environment=Prod_southeastasia_prod-s01-064-apac-southeastasia;migrationStage=NotStarted}
{"logTime": "1222/075236", "correlationVector":"StaptQNiA6rjkfySwpGsjz","action":"Commit Request", "result":"", "context":Item count: 1
Contributing types: Sessions}
{"logTime": "1222/075236", "correlationVector":"StaptQNiA6rjkfySwpGsjz.1","action":"SyncServerConnectionManagerRequest", "result":"SYNC_SERVER_OK", "context":{"environment":"Prod_southeastasia_prod-s01-064-apac-southeastasia", "migrationStage":"NotStarted", "server":"akswtt00300001j"}}
{"logTime": "1222/075236", "correlationVector":"StaptQNiA6rjkfySwpGsjz.2","action":"Commit Response", "result":"Success", "context":Result: Success. cV=StaptQNiA6rjkfySwpGsjz.0;server=akswtt00300001j;cloudType=Consumer;environment=Prod_southeastasia_prod-s01-064-apac-southeastasia;migrationStage=NotStarted}
{"logTime": "1222/075334", "correlationVector":"xFHyfid217m4nKsZB3swpA","action":"Commit Request", "result":"", "context":Item count: 1
Contributing types: Sessions}
{"logTime": "1222/075335", "correlationVector":"xFHyfid217m4nKsZB3swpA.1","action":"SyncServerConnectionManagerRequest", "result":"SYNC_SERVER_OK", "context":{"environment":"Prod_southeastasia_prod-s01-064-apac-southeastasia", "migrationStage":"NotStarted", "server":"akswtt00300000m"}}
{"logTime": "1222/075335", "correlationVector":"xFHyfid217m4nKsZB3swpA.2","action":"Commit Response", "result":"Success", "context":Result: Success. cV=xFHyfid217m4nKsZB3swpA.0;server=akswtt00300000m;cloudType=Consumer;environment=Prod_southeastasia_prod-s01-064-apac-southeastasia;migrationStage=NotStarted}
{"logTime": "1222/075541", "correlationVector":"qlBwAoSNXVS0aezqgkbf7v","action":"Commit Request", "result":"", "context":Item count: 1
Contributing types: Sessions}
{"logTime": "1222/075541", "correlationVector":"qlBwAoSNXVS0aezqgkbf7v.1","action":"SyncServerConnectionManagerRequest", "result":"SYNC_SERVER_OK", "context":{"environment":"Prod_southeastasia_prod-s01-064-apac-southeastasia", "migrationStage":"NotStarted", "server":"akswtt00300001g"}}
{"logTime": "1222/075541", "correlationVector":"qlBwAoSNXVS0aezqgkbf7v.2","action":"Commit Response", "result":"Success", "context":Result: Success. cV=qlBwAoSNXVS0aezqgkbf7v.0;server=akswtt00300001g;cloudType=Consumer;environment=Prod_southeastasia_prod-s01-064-apac-southeastasia;migrationStage=NotStarted}
{"logTime": "1222/075703", "correlationVector":"m32S6wXhtICZj68O6Quket","action":"Commit Request", "result":"", "context":Item count: 1
Contributing types: Sessions}
{"logTime": "1222/075705", "correlationVector":"m32S6wXhtICZj68O6Quket.1","action":"SyncServerConnectionManagerRequest", "result":"SYNC_SERVER_OK", "context":{"environment":"Prod_southeastasia_prod-s01-064-apac-southeastasia", "migrationStage":"NotStarted", "server":"akswtt003000023"}}
{"logTime": "1222/075705", "correlationVector":"m32S6wXhtICZj68O6Quket.2","action":"Commit Response", "result":"Success", "context":Result: Success. cV=m32S6wXhtICZj68O6Quket.0;server=akswtt003000023;cloudType=Consumer;environment=Prod_southeastasia_prod-s01-064-apac-southeastasia;migrationStage=NotStarted}
{"logTime": "1222/075954", "correlationVector":"9KBRcKmNfWQvMwr0b8irNE","action":"Commit Request", "result":"", "context":Item count: 1
Contributing types: Sessions}
{"logTime": "1222/075955", "correlationVector":"9KBRcKmNfWQvMwr0b8irNE.1","action":"SyncServerConnectionManagerRequest", "result":"SYNC_SERVER_OK", "context":{"environment":"Prod_southeastasia_prod-s01-064-apac-southeastasia", "migrationStage":"NotStarted", "server":"akswtt003000000"}}
{"logTime": "1222/075955", "correlationVector":"9KBRcKmNfWQvMwr0b8irNE.2","action":"Commit Response", "result":"Success", "context":Result: Success. cV=9KBRcKmNfWQvMwr0b8irNE.0;server=akswtt003000000;cloudType=Consumer;environment=Prod_southeastasia_prod-s01-064-apac-southeastasia;migrationStage=NotStarted}
{"logTime": "1222/080029", "correlationVector":"sD3O6X/XOkB3/AOx3EWL+r","action":"Commit Request", "result":"", "context":Item count: 1
Contributing types: Sessions}
{"logTime": "1222/080029", "correlationVector":"sD3O6X/XOkB3/AOx3EWL+r.1","action":"SyncServerConnectionManagerRequest", "result":"SYNC_SERVER_OK", "context":{"environment":"Prod_southeastasia_prod-s01-064-apac-southeastasia", "migrationStage":"NotStarted", "server":"akswtt00300000k"}}
{"logTime": "1222/080029", "correlationVector":"sD3O6X/XOkB3/AOx3EWL+r.2","action":"Commit Response", "result":"Success", "context":Result: Success. cV=sD3O6X/XOkB3/AOx3EWL+r.0;server=akswtt00300000k;cloudType=Consumer;environment=Prod_southeastasia_prod-s01-064-apac-southeastasia;migrationStage=NotStarted}
{"logTime": "1222/080335", "correlationVector":"KazNLuICFlS390leW92gFj","action":"Commit Request", "result":"", "context":Item count: 1
Contributing types: Sessions}
{"logTime": "1222/080336", "correlationVector":"KazNLuICFlS390leW92gFj.1","action":"SyncServerConnectionManagerRequest", "result":"SYNC_SERVER_OK", "context":{"environment":"Prod_southeastasia_prod-s01-064-apac-southeastasia", "migrationStage":"NotStarted", "server":"akswtt003000043"}}
{"logTime": "1222/080336", "correlationVector":"KazNLuICFlS390leW92gFj.2","action":"Commit Response", "result":"Success", "context":Result: Success. cV=KazNLuICFlS390leW92gFj.0;server=akswtt003000043;cloudType=Consumer;environment=Prod_southeastasia_prod-s01-064-apac-southeastasia;migrationStage=NotStarted}
{"logTime": "1222/080413", "correlationVector":"g8bJKBlCH6AIqf8w16hgZ6","action":"Commit Request", "result":"", "context":Item count: 1
Contributing types: Sessions}
{"logTime": "1222/080414", "correlationVector":"g8bJKBlCH6AIqf8w16hgZ6.1","action":"SyncServerConnectionManagerRequest", "result":"SYNC_SERVER_OK", "context":{"environment":"Prod_southeastasia_prod-s01-064-apac-southeastasia", "migrationStage":"NotStarted", "server":"akswtt003000043"}}
{"logTime": "1222/080414", "correlationVector":"g8bJKBlCH6AIqf8w16hgZ6.2","action":"Commit Response", "result":"Success", "context":Result: Success. cV=g8bJKBlCH6AIqf8w16hgZ6.0;server=akswtt003000043;cloudType=Consumer;environment=Prod_southeastasia_prod-s01-064-apac-southeastasia;migrationStage=NotStarted}
{"logTime": "1222/081206", "correlationVector":"Bht/woL6a5vGaS2J8Dg4bH","action":"Commit Request", "result":"", "context":Item count: 1
Contributing types: Sessions}
{"logTime": "1222/081207", "correlationVector":"Bht/woL6a5vGaS2J8Dg4bH.1","action":"SyncServerConnectionManagerRequest", "result":"SYNC_SERVER_OK", "context":{"environment":"Prod_southeastasia_prod-s01-064-apac-southeastasia", "migrationStage":"NotStarted", "server":"akswtt003000020"}}
{"logTime": "1222/081207", "correlationVector":"Bht/woL6a5vGaS2J8Dg4bH.2","action":"Commit Response", "result":"Success", "context":Result: Success. cV=Bht/woL6a5vGaS2J8Dg4bH.0;server=akswtt003000020;cloudType=Consumer;environment=Prod_southeastasia_prod-s01-064-apac-southeastasia;migrationStage=NotStarted}
{"logTime": "1222/081237", "correlationVector":"7gDXpHpo3SrUmf9fWbFHJK","action":"Commit Request", "result":"", "context":Item count: 1
Contributing types: Sessions}
{"logTime": "1222/081238", "correlationVector":"7gDXpHpo3SrUmf9fWbFHJK.1","action":"SyncServerConnectionManagerRequest", "result":"SYNC_SERVER_OK", "context":{"environment":"Prod_southeastasia_prod-s01-064-apac-southeastasia", "migrationStage":"NotStarted", "server":"akswtt00300002u"}}
{"logTime": "1222/081238", "correlationVector":"7gDXpHpo3SrUmf9fWbFHJK.2","action":"Commit Response", "result":"Success", "context":Result: Success. cV=7gDXpHpo3SrUmf9fWbFHJK.0;server=akswtt00300002u;cloudType=Consumer;environment=Prod_southeastasia_prod-s01-064-apac-southeastasia;migrationStage=NotStarted}
{"logTime": "1222/081315", "correlationVector":"MSJSByQasGkn47bMx9Oi0T","action":"Commit Request", "result":"", "context":Item count: 1
Contributing types: Sessions}
{"logTime": "1222/081316", "correlationVector":"MSJSByQasGkn47bMx9Oi0T.1","action":"SyncServerConnectionManagerRequest", "result":"SYNC_SERVER_OK", "context":{"environment":"Prod_southeastasia_prod-s01-064-apac-southeastasia", "migrationStage":"NotStarted", "server":"akswtt00300002a"}}
{"logTime": "1222/081316", "correlationVector":"MSJSByQasGkn47bMx9Oi0T.2","action":"Commit Response", "result":"Success", "context":Result: Success. cV=MSJSByQasGkn47bMx9Oi0T.0;server=akswtt00300002a;cloudType=Consumer;environment=Prod_southeastasia_prod-s01-064-apac-southeastasia;migrationStage=NotStarted}
{"logTime": "1222/081554", "correlationVector":"UEQ51bV5vlSoj8giLdvtbD","action":"Commit Request", "result":"", "context":Item count: 1
Contributing types: Sessions}
{"logTime": "1222/081554", "correlationVector":"UEQ51bV5vlSoj8giLdvtbD.1","action":"SyncServerConnectionManagerRequest", "result":"SYNC_SERVER_OK", "context":{"environment":"Prod_southeastasia_prod-s01-065-apac-southeastasia", "migrationStage":"NotStarted", "server":"akswtt00300002n"}}
{"logTime": "1222/081554", "correlationVector":"UEQ51bV5vlSoj8giLdvtbD.2","action":"Commit Response", "result":"Success", "context":Result: Success. cV=UEQ51bV5vlSoj8giLdvtbD.0;server=akswtt00300002n;cloudType=Consumer;environment=Prod_southeastasia_prod-s01-065-apac-southeastasia;migrationStage=NotStarted}
{"logTime": "1222/111246", "correlationVector":"kbW6/XMbaZv9hIr/YXXR2i.1","action":"SyncServerConnectionManagerRequest", "result":"SYNC_SERVER_OK", "context":{"environment":"Prod_southeastasia_prod-s01-065-apac-southeastasia", "migrationStage":"NotStarted", "server":"akswtt00300001a"}}
{"logTime": "1222/111247", "correlationVector":"G3+5tvp2JFil74Cm9n5TQY","action":"SyncServerConnectionManagerRequest", "result":"SYNC_SERVER_OK", "context":{"environment":"", "migrationStage":"", "server":""}}
{"logTime": "1222/111247", "correlationVector":"kbW6/XMbaZv9hIr/YXXR2i","action":"Initial GetUpdates", "result":"", "context":Reason: NEW_CLIENT. cV=kbW6/XMbaZv9hIr/YXXR2i}
{"logTime": "1222/111247", "correlationVector":"kbW6/XMbaZv9hIr/YXXR2i.2","action":"GetUpdates Response", "result":"Success", "context":Received 1 update(s). cV=kbW6/XMbaZv9hIr/YXXR2i.0;server=akswtt00300001a;cloudType=Consumer;environment=Prod_southeastasia_prod-s01-065-apac-southeastasia;migrationStage=NotStarted}
{"logTime": "1222/111247", "correlationVector":"x8ZuwtmFVonhpHCHnd08Ux","action":"Initial GetUpdates", "result":"", "context":Reason: NEWLY_SUPPORTED_DATATYPE. cV=x8ZuwtmFVonhpHCHnd08Ux}
{"logTime": "1222/111248", "correlationVector":"x8ZuwtmFVonhpHCHnd08Ux.1","action":"SyncServerConnectionManagerRequest", "result":"SYNC_SERVER_OK", "context":{"environment":"Prod_southeastasia_prod-s01-065-apac-southeastasia", "migrationStage":"NotStarted", "server":"akswtt00300001u"}}
{"logTime": "1222/111248", "correlationVector":"x8ZuwtmFVonhpHCHnd08Ux.2","action":"GetUpdates Response", "result":"Success", "context":Received 9 update(s). cV=x8ZuwtmFVonhpHCHnd08Ux.0;server=akswtt00300001u;cloudType=Consumer;environment=Prod_southeastasia_prod-s01-065-apac-southeastasia;migrationStage=NotStarted}
{"logTime": "1222/111248", "correlationVector":"ofYJTzCZd1k138BI5FqiwO","action":"Normal GetUpdate request", "result":"", "context":cV=ofYJTzCZd1k138BI5FqiwO
Nudged types: Sessions, History
Refresh requested types: Bookmarks, Preferences, Passwords, Autofill Profiles, Autofill, Extensions, Sessions, Extension settings, History Delete Directives, Device Info, User Consents, Send Tab To Self, Web Apps, History, Collection, Edge E Drop, Edge Hub App Usage, Edge Tab Group, Edge Wallet, Encryption Keys}
{"logTime": "1222/111249", "correlationVector":"ofYJTzCZd1k138BI5FqiwO.1","action":"SyncServerConnectionManagerRequest", "result":"SYNC_SERVER_OK", "context":{"environment":"Prod_southeastasia_prod-s01-065-apac-southeastasia", "migrationStage":"NotStarted", "server":"akswtt00300001u"}}
{"logTime": "1222/111249", "correlationVector":"ofYJTzCZd1k138BI5FqiwO.2","action":"GetUpdates Response", "result":"Success", "context":Received 4 update(s). cV=ofYJTzCZd1k138BI5FqiwO.0;server=akswtt00300001u;cloudType=Consumer;environment=Prod_southeastasia_prod-s01-065-apac-southeastasia;migrationStage=NotStarted}
{"logTime": "1222/111249", "correlationVector":"KWRd5PVElcKGWVLAJ+obrp","action":"Commit Request", "result":"", "context":Item count: 3
Contributing types: Sessions}
{"logTime": "1222/111250", "correlationVector":"KWRd5PVElcKGWVLAJ+obrp.1","action":"SyncServerConnectionManagerRequest", "result":"SYNC_SERVER_OK", "context":{"environment":"Prod_southeastasia_prod-s01-065-apac-southeastasia", "migrationStage":"NotStarted", "server":"akswtt00300000c"}}
{"logTime": "1222/111250", "correlationVector":"KWRd5PVElcKGWVLAJ+obrp.3","action":"Commit.Sessions", "result":"Success", "context":{"id":"7030bd26-b823-4b52-b913-965a06035ccb", "isDeleted":"true", "size":"0", "version":"1734855353538"}}
{"logTime": "1222/111250", "correlationVector":"KWRd5PVElcKGWVLAJ+obrp.2","action":"Commit Response", "result":"Success", "context":Result: Success. cV=KWRd5PVElcKGWVLAJ+obrp.0;server=akswtt00300000c;cloudType=Consumer;environment=Prod_southeastasia_prod-s01-065-apac-southeastasia;migrationStage=NotStarted}
{"logTime": "1222/111320", "correlationVector":"d8sYJgO6hfh0CiZfbRHxon","action":"Commit Request", "result":"", "context":Item count: 7
Contributing types: Sessions, History}
{"logTime": "1222/111321", "correlationVector":"d8sYJgO6hfh0CiZfbRHxon.1","action":"SyncServerConnectionManagerRequest", "result":"SYNC_SERVER_OK", "context":{"environment":"Prod_southeastasia_prod-s01-065-apac-southeastasia", "migrationStage":"NotStarted", "server":"akswtt00300002k"}}
{"logTime": "1222/111321", "correlationVector":"d8sYJgO6hfh0CiZfbRHxon.2","action":"Commit Response", "result":"Success", "context":Result: Success. cV=d8sYJgO6hfh0CiZfbRHxon.0;server=akswtt00300002k;cloudType=Consumer;environment=Prod_southeastasia_prod-s01-065-apac-southeastasia;migrationStage=NotStarted}
{"logTime": "1222/111537", "correlationVector":"XXMRLQ3IGWrKs85BxsXik7","action":"Commit Request", "result":"", "context":Item count: 3
Contributing types: Sessions, History}
{"logTime": "1222/111538", "correlationVector":"XXMRLQ3IGWrKs85BxsXik7.1","action":"SyncServerConnectionManagerRequest", "result":"SYNC_SERVER_OK", "context":{"environment":"Prod_southeastasia_prod-s01-065-apac-southeastasia", "migrationStage":"NotStarted", "server":"akswtt00300001l"}}
{"logTime": "1222/111538", "correlationVector":"XXMRLQ3IGWrKs85BxsXik7.2","action":"Commit Response", "result":"Success", "context":Result: Success. cV=XXMRLQ3IGWrKs85BxsXik7.0;server=akswtt00300001l;cloudType=Consumer;environment=Prod_southeastasia_prod-s01-065-apac-southeastasia;migrationStage=NotStarted}
{"logTime": "1222/111635", "correlationVector":"vUlQ+syxcWbuJvbBBFGyOy","action":"Commit Request", "result":"", "context":Item count: 4
Contributing types: Sessions, History}
{"logTime": "1222/111636", "correlationVector":"vUlQ+syxcWbuJvbBBFGyOy.1","action":"SyncServerConnectionManagerRequest", "result":"SYNC_SERVER_OK", "context":{"environment":"Prod_southeastasia_prod-s01-065-apac-southeastasia", "migrationStage":"NotStarted", "server":"akswtt003000014"}}
{"logTime": "1222/111636", "correlationVector":"vUlQ+syxcWbuJvbBBFGyOy.2","action":"Commit Response", "result":"Success", "context":Result: Success. cV=vUlQ+syxcWbuJvbBBFGyOy.0;server=akswtt003000014;cloudType=Consumer;environment=Prod_southeastasia_prod-s01-065-apac-southeastasia;migrationStage=NotStarted}
{"logTime": "1222/111713", "correlationVector":"xS0CU4zAsfUv8qF50Zdw8R","action":"Commit Request", "result":"", "context":Item count: 4
Contributing types: Sessions, History}
{"logTime": "1222/111714", "correlationVector":"xS0CU4zAsfUv8qF50Zdw8R.1","action":"SyncServerConnectionManagerRequest", "result":"SYNC_SERVER_OK", "context":{"environment":"Prod_southeastasia_prod-s01-065-apac-southeastasia", "migrationStage":"NotStarted", "server":"akswtt003000020"}}
{"logTime": "1222/111714", "correlationVector":"xS0CU4zAsfUv8qF50Zdw8R.2","action":"Commit Response", "result":"Success", "context":Result: Success. cV=xS0CU4zAsfUv8qF50Zdw8R.0;server=akswtt003000020;cloudType=Consumer;environment=Prod_southeastasia_prod-s01-065-apac-southeastasia;migrationStage=NotStarted}
{"logTime": "1222/111742", "correlationVector":"w0wlWyTQBEZCqVHocJHzDj","action":"Normal GetUpdate request", "result":"", "context":cV=w0wlWyTQBEZCqVHocJHzDj
Nudged types: Sessions, History
Refresh requested types: Bookmarks, Preferences, Passwords, Autofill Profiles, Autofill, Extensions, Sessions, Extension settings, History Delete Directives, Device Info, User Consents, Send Tab To Self, Web Apps, History, Collection, Edge E Drop, Edge Hub App Usage, Edge Tab Group, Edge Wallet, Encryption Keys}
{"logTime": "1222/111743", "correlationVector":"w0wlWyTQBEZCqVHocJHzDj.1","action":"SyncServerConnectionManagerRequest", "result":"SYNC_SERVER_OK", "context":{"environment":"Prod_southeastasia_prod-s01-065-apac-southeastasia", "migrationStage":"NotStarted", "server":"akswtt00300001i"}}
{"logTime": "1222/111743", "correlationVector":"w0wlWyTQBEZCqVHocJHzDj.2","action":"GetUpdates", "result":"DeleteReceived", "context":{"id":"7030bd26-b823-4b52-b913-965a06035ccb", "isDeleted:":"true", "version":"1734865968680"}}
{"logTime": "1222/111743", "correlationVector":"w0wlWyTQBEZCqVHocJHzDj.3","action":"GetUpdates Response", "result":"Success", "context":Received 12 update(s). cV=w0wlWyTQBEZCqVHocJHzDj.0;server=akswtt00300001i;cloudType=Consumer;environment=Prod_southeastasia_prod-s01-065-apac-southeastasia;migrationStage=NotStarted}
{"logTime": "1222/111743", "correlationVector":"7wa7pGGTZIfHWg4NWcAADL","action":"Commit Request", "result":"", "context":Item count: 3
Contributing types: Sessions, History}
{"logTime": "1222/111744", "correlationVector":"7wa7pGGTZIfHWg4NWcAADL.1","action":"SyncServerConnectionManagerRequest", "result":"SYNC_SERVER_OK", "context":{"environment":"Prod_southeastasia_prod-s01-065-apac-southeastasia", "migrationStage":"NotStarted", "server":"akswtt003000019"}}
{"logTime": "1222/111744", "correlationVector":"7wa7pGGTZIfHWg4NWcAADL.2","action":"Commit Response", "result":"Success", "context":Result: Success. cV=7wa7pGGTZIfHWg4NWcAADL.0;server=akswtt003000019;cloudType=Consumer;environment=Prod_southeastasia_prod-s01-065-apac-southeastasia;migrationStage=NotStarted}
{"logTime": "1222/111814", "correlationVector":"FigFmPH1GM4Q5Tlrie+Uf8","action":"Commit Request", "result":"", "context":Item count: 1
Contributing types: Sessions}
{"logTime": "1222/111814", "correlationVector":"FigFmPH1GM4Q5Tlrie+Uf8.1","action":"SyncServerConnectionManagerRequest", "result":"SYNC_SERVER_OK", "context":{"environment":"Prod_southeastasia_prod-s01-065-apac-southeastasia", "migrationStage":"NotStarted", "server":"akswtt00300000y"}}
{"logTime": "1222/111814", "correlationVector":"FigFmPH1GM4Q5Tlrie+Uf8.2","action":"Commit Response", "result":"Success", "context":Result: Success. cV=FigFmPH1GM4Q5Tlrie+Uf8.0;server=akswtt00300000y;cloudType=Consumer;environment=Prod_southeastasia_prod-s01-065-apac-southeastasia;migrationStage=NotStarted}
{"logTime": "1222/111913", "correlationVector":"bxRZlcSrzYykdNlb+ENQsz","action":"Commit Request", "result":"", "context":Item count: 4
Contributing types: Sessions, History}
{"logTime": "1222/111914", "correlationVector":"bxRZlcSrzYykdNlb+ENQsz.1","action":"SyncServerConnectionManagerRequest", "result":"SYNC_SERVER_OK", "context":{"environment":"Prod_southeastasia_prod-s01-065-apac-southeastasia", "migrationStage":"NotStarted", "server":"akswtt00300001c"}}
{"logTime": "1222/111914", "correlationVector":"bxRZlcSrzYykdNlb+ENQsz.2","action":"Commit Response", "result":"Success", "context":Result: Success. cV=bxRZlcSrzYykdNlb+ENQsz.0;server=akswtt00300001c;cloudType=Consumer;environment=Prod_southeastasia_prod-s01-065-apac-southeastasia;migrationStage=NotStarted}
{"logTime": "1222/111948", "correlationVector":"eiVIOi33SPB9rkKJjjf3ar","action":"Commit Request", "result":"", "context":Item count: 4
Contributing types: Sessions, History}
{"logTime": "1222/111948", "correlationVector":"eiVIOi33SPB9rkKJjjf3ar.1","action":"SyncServerConnectionManagerRequest", "result":"SYNC_SERVER_OK", "context":{"environment":"Prod_southeastasia_prod-s01-065-apac-southeastasia", "migrationStage":"NotStarted", "server":"akswtt00300001t"}}
{"logTime": "1222/111948", "correlationVector":"eiVIOi33SPB9rkKJjjf3ar.2","action":"Commit Response", "result":"Success", "context":Result: Success. cV=eiVIOi33SPB9rkKJjjf3ar.0;server=akswtt00300001t;cloudType=Consumer;environment=Prod_southeastasia_prod-s01-065-apac-southeastasia;migrationStage=NotStarted}
{"logTime": "1222/112020", "correlationVector":"B3rLh5Y3s6XKdWLzx8uW9a","action":"Commit Request", "result":"", "context":Item count: 1
Contributing types: Sessions}
{"logTime": "1222/112020", "correlationVector":"B3rLh5Y3s6XKdWLzx8uW9a.1","action":"SyncServerConnectionManagerRequest", "result":"SYNC_SERVER_OK", "context":{"environment":"Prod_southeastasia_prod-s01-065-apac-southeastasia", "migrationStage":"NotStarted", "server":"akswtt00300000d"}}
{"logTime": "1222/112020", "correlationVector":"B3rLh5Y3s6XKdWLzx8uW9a.2","action":"Commit Response", "result":"Success", "context":Result: Success. cV=B3rLh5Y3s6XKdWLzx8uW9a.0;server=akswtt00300000d;cloudType=Consumer;environment=Prod_southeastasia_prod-s01-065-apac-southeastasia;migrationStage=NotStarted}
{"logTime": "1222/112115", "correlationVector":"nBuuUn3xPM5oQ78BbbyYfO","action":"Commit Request", "result":"", "context":Item count: 4
Contributing types: Sessions, History}
{"logTime": "1222/112116", "correlationVector":"nBuuUn3xPM5oQ78BbbyYfO.1","action":"SyncServerConnectionManagerRequest", "result":"SYNC_SERVER_OK", "context":{"environment":"Prod_southeastasia_prod-s01-065-apac-southeastasia", "migrationStage":"NotStarted", "server":"akswtt00300001n"}}
{"logTime": "1222/112116", "correlationVector":"nBuuUn3xPM5oQ78BbbyYfO.2","action":"Commit Response", "result":"Success", "context":Result: Success. cV=nBuuUn3xPM5oQ78BbbyYfO.0;server=akswtt00300001n;cloudType=Consumer;environment=Prod_southeastasia_prod-s01-065-apac-southeastasia;migrationStage=NotStarted}
{"logTime": "1222/112156", "correlationVector":"e7bW8lHKJqCYGdqRBR1iCm","action":"Commit Request", "result":"", "context":Item count: 4
Contributing types: Sessions, History}
{"logTime": "1222/112157", "correlationVector":"e7bW8lHKJqCYGdqRBR1iCm.1","action":"SyncServerConnectionManagerRequest", "result":"SYNC_SERVER_OK", "context":{"environment":"Prod_southeastasia_prod-s01-065-apac-southeastasia", "migrationStage":"NotStarted", "server":"akswtt00300001u"}}
{"logTime": "1222/112157", "correlationVector":"e7bW8lHKJqCYGdqRBR1iCm.2","action":"Commit Response", "result":"Success", "context":Result: Success. cV=e7bW8lHKJqCYGdqRBR1iCm.0;server=akswtt00300001u;cloudType=Consumer;environment=Prod_southeastasia_prod-s01-065-apac-southeastasia;migrationStage=NotStarted}
{"logTime": "1222/112230", "correlationVector":"ayrveiiMObBv2BNrjBkxiU","action":"Commit Request", "result":"", "context":Item count: 1
Contributing types: Sessions}
{"logTime": "1222/112230", "correlationVector":"ayrveiiMObBv2BNrjBkxiU.1","action":"SyncServerConnectionManagerRequest", "result":"SYNC_SERVER_OK", "context":{"environment":"Prod_southeastasia_prod-s01-065-apac-southeastasia", "migrationStage":"NotStarted", "server":"akswtt00300001n"}}
{"logTime": "1222/112230", "correlationVector":"ayrveiiMObBv2BNrjBkxiU.2","action":"Commit Response", "result":"Success", "context":Result: Success. cV=ayrveiiMObBv2BNrjBkxiU.0;server=akswtt00300001n;cloudType=Consumer;environment=Prod_southeastasia_prod-s01-065-apac-southeastasia;migrationStage=NotStarted}
{"logTime": "1222/112317", "correlationVector":"hXbRR6QWi60ctf27RQO5NV","action":"Commit Request", "result":"", "context":Item count: 1
Contributing types: Sessions}
{"logTime": "1222/112317", "correlationVector":"hXbRR6QWi60ctf27RQO5NV.1","action":"SyncServerConnectionManagerRequest", "result":"SYNC_SERVER_OK", "context":{"environment":"Prod_southeastasia_prod-s01-065-apac-southeastasia", "migrationStage":"NotStarted", "server":"akswtt00300003w"}}
{"logTime": "1222/112317", "correlationVector":"hXbRR6QWi60ctf27RQO5NV.2","action":"Commit Response", "result":"Success", "context":Result: Success. cV=hXbRR6QWi60ctf27RQO5NV.0;server=akswtt00300003w;cloudType=Consumer;environment=Prod_southeastasia_prod-s01-065-apac-southeastasia;migrationStage=NotStarted}
{"logTime": "1222/112349", "correlationVector":"HaGMyLbvxDsw6X/ewJDiIi","action":"Commit Request", "result":"", "context":Item count: 4
Contributing types: Sessions, History}
{"logTime": "1222/112350", "correlationVector":"HaGMyLbvxDsw6X/ewJDiIi.1","action":"SyncServerConnectionManagerRequest", "result":"SYNC_SERVER_OK", "context":{"environment":"Prod_southeastasia_prod-s01-065-apac-southeastasia", "migrationStage":"NotStarted", "server":"akswtt00300001g"}}
{"logTime": "1222/112350", "correlationVector":"HaGMyLbvxDsw6X/ewJDiIi.2","action":"Commit Response", "result":"Success", "context":Result: Success. cV=HaGMyLbvxDsw6X/ewJDiIi.0;server=akswtt00300001g;cloudType=Consumer;environment=Prod_southeastasia_prod-s01-065-apac-southeastasia;migrationStage=NotStarted}
{"logTime": "1222/112459", "correlationVector":"dZ5q4pd34Kq8zG0chIrHJr","action":"Commit Request", "result":"", "context":Item count: 4
Contributing types: Sessions, History}
{"logTime": "1222/112500", "correlationVector":"dZ5q4pd34Kq8zG0chIrHJr.1","action":"SyncServerConnectionManagerRequest", "result":"SYNC_SERVER_OK", "context":{"environment":"Prod_southeastasia_prod-s01-065-apac-southeastasia", "migrationStage":"NotStarted", "server":"akswtt003000002"}}
{"logTime": "1222/112500", "correlationVector":"dZ5q4pd34Kq8zG0chIrHJr.2","action":"Commit Response", "result":"Success", "context":Result: Success. cV=dZ5q4pd34Kq8zG0chIrHJr.0;server=akswtt003000002;cloudType=Consumer;environment=Prod_southeastasia_prod-s01-065-apac-southeastasia;migrationStage=NotStarted}
{"logTime": "1222/112557", "correlationVector":"nyyKmJ0srccH1goPYFsrYt","action":"Commit Request", "result":"", "context":Item count: 4
Contributing types: Sessions, History}
{"logTime": "1222/112558", "correlationVector":"nyyKmJ0srccH1goPYFsrYt.1","action":"SyncServerConnectionManagerRequest", "result":"SYNC_SERVER_OK", "context":{"environment":"Prod_southeastasia_prod-s01-065-apac-southeastasia", "migrationStage":"NotStarted", "server":"akswtt00300000q"}}
{"logTime": "1222/112558", "correlationVector":"nyyKmJ0srccH1goPYFsrYt.2","action":"Commit Response", "result":"Success", "context":Result: Success. cV=nyyKmJ0srccH1goPYFsrYt.0;server=akswtt00300000q;cloudType=Consumer;environment=Prod_southeastasia_prod-s01-065-apac-southeastasia;migrationStage=NotStarted}
{"logTime": "1222/112628", "correlationVector":"d1AYBbpOyOCtSZi3sgSh28","action":"Commit Request", "result":"", "context":Item count: 4
Contributing types: Sessions, History}
{"logTime": "1222/112629", "correlationVector":"d1AYBbpOyOCtSZi3sgSh28.1","action":"SyncServerConnectionManagerRequest", "result":"SYNC_SERVER_OK", "context":{"environment":"Prod_southeastasia_prod-s01-065-apac-southeastasia", "migrationStage":"NotStarted", "server":"akswtt00300001c"}}
{"logTime": "1222/112629", "correlationVector":"d1AYBbpOyOCtSZi3sgSh28.2","action":"Commit Response", "result":"Success", "context":Result: Success. cV=d1AYBbpOyOCtSZi3sgSh28.0;server=akswtt00300001c;cloudType=Consumer;environment=Prod_southeastasia_prod-s01-065-apac-southeastasia;migrationStage=NotStarted}
{"logTime": "1222/112700", "correlationVector":"5FLY6Zb24xakS5vfsWJims","action":"Commit Request", "result":"", "context":Item count: 1
Contributing types: Sessions}
{"logTime": "1222/112700", "correlationVector":"5FLY6Zb24xakS5vfsWJims.1","action":"SyncServerConnectionManagerRequest", "result":"SYNC_SERVER_OK", "context":{"environment":"Prod_southeastasia_prod-s01-065-apac-southeastasia", "migrationStage":"NotStarted", "server":"akswtt00300003n"}}
{"logTime": "1222/112700", "correlationVector":"5FLY6Zb24xakS5vfsWJims.2","action":"Commit Response", "result":"Success", "context":Result: Success. cV=5FLY6Zb24xakS5vfsWJims.0;server=akswtt00300003n;cloudType=Consumer;environment=Prod_southeastasia_prod-s01-065-apac-southeastasia;migrationStage=NotStarted}
{"logTime": "1222/112735", "correlationVector":"9TJ/eMy1olvCQmDAHwFen1","action":"Commit Request", "result":"", "context":Item count: 4
Contributing types: Sessions, History}
{"logTime": "1222/112736", "correlationVector":"9TJ/eMy1olvCQmDAHwFen1.1","action":"SyncServerConnectionManagerRequest", "result":"SYNC_SERVER_OK", "context":{"environment":"Prod_southeastasia_prod-s01-065-apac-southeastasia", "migrationStage":"NotStarted", "server":"akswtt00300000n"}}
{"logTime": "1222/112736", "correlationVector":"9TJ/eMy1olvCQmDAHwFen1.2","action":"Commit Response", "result":"Success", "context":Result: Success. cV=9TJ/eMy1olvCQmDAHwFen1.0;server=akswtt00300000n;cloudType=Consumer;environment=Prod_southeastasia_prod-s01-065-apac-southeastasia;migrationStage=NotStarted}
{"logTime": "1222/112818", "correlationVector":"Tj0oXALpbpsMraFc1JjA7a","action":"Commit Request", "result":"", "context":Item count: 4
Contributing types: Sessions, History}
{"logTime": "1222/112820", "correlationVector":"Tj0oXALpbpsMraFc1JjA7a.1","action":"SyncServerConnectionManagerRequest", "result":"SYNC_SERVER_OK", "context":{"environment":"Prod_southeastasia_prod-s01-065-apac-southeastasia", "migrationStage":"NotStarted", "server":"akswtt00300002v"}}
{"logTime": "1222/112820", "correlationVector":"Tj0oXALpbpsMraFc1JjA7a.2","action":"Commit Response", "result":"Success", "context":Result: Success. cV=Tj0oXALpbpsMraFc1JjA7a.0;server=akswtt00300002v;cloudType=Consumer;environment=Prod_southeastasia_prod-s01-065-apac-southeastasia;migrationStage=NotStarted}
{"logTime": "1222/112852", "correlationVector":"JqKBjiyI1ANLdb2sVQ0mgN","action":"Commit Request", "result":"", "context":Item count: 1
Contributing types: Sessions}
{"logTime": "1222/112852", "correlationVector":"JqKBjiyI1ANLdb2sVQ0mgN.1","action":"SyncServerConnectionManagerRequest", "result":"SYNC_SERVER_OK", "context":{"environment":"Prod_southeastasia_prod-s01-065-apac-southeastasia", "migrationStage":"NotStarted", "server":"akswtt00300000r"}}
{"logTime": "1222/112852", "correlationVector":"JqKBjiyI1ANLdb2sVQ0mgN.2","action":"Commit Response", "result":"Success", "context":Result: Success. cV=JqKBjiyI1ANLdb2sVQ0mgN.0;server=akswtt00300000r;cloudType=Consumer;environment=Prod_southeastasia_prod-s01-065-apac-southeastasia;migrationStage=NotStarted}
{"logTime": "1222/113008", "correlationVector":"jO6/IFHGqn7Ausm/6KFjKK","action":"Commit Request", "result":"", "context":Item count: 1
Contributing types: Sessions}
{"logTime": "1222/113008", "correlationVector":"jO6/IFHGqn7Ausm/6KFjKK.1","action":"SyncServerConnectionManagerRequest", "result":"SYNC_SERVER_OK", "context":{"environment":"Prod_southeastasia_prod-s01-065-apac-southeastasia", "migrationStage":"NotStarted", "server":"akswtt00300002i"}}
{"logTime": "1222/113008", "correlationVector":"jO6/IFHGqn7Ausm/6KFjKK.2","action":"Commit Response", "result":"Success", "context":Result: Success. cV=jO6/IFHGqn7Ausm/6KFjKK.0;server=akswtt00300002i;cloudType=Consumer;environment=Prod_southeastasia_prod-s01-065-apac-southeastasia;migrationStage=NotStarted}
{"logTime": "1222/113040", "correlationVector":"y5JvwPXu8AoARe1yUU3gyW","action":"Commit Request", "result":"", "context":Item count: 5
Contributing types: Sessions, History}
{"logTime": "1222/113041", "correlationVector":"y5JvwPXu8AoARe1yUU3gyW.1","action":"SyncServerConnectionManagerRequest", "result":"SYNC_SERVER_OK", "context":{"environment":"Prod_southeastasia_prod-s01-065-apac-southeastasia", "migrationStage":"NotStarted", "server":"akswtt00300000n"}}
{"logTime": "1222/113041", "correlationVector":"y5JvwPXu8AoARe1yUU3gyW.2","action":"Commit Response", "result":"Success", "context":Result: Success. cV=y5JvwPXu8AoARe1yUU3gyW.0;server=akswtt00300000n;cloudType=Consumer;environment=Prod_southeastasia_prod-s01-065-apac-southeastasia;migrationStage=NotStarted}
{"logTime": "1222/113115", "correlationVector":"VEQ8FhoRSFuEBTNuElRHq6","action":"Commit Request", "result":"", "context":Item count: 4
Contributing types: Sessions, History}
{"logTime": "1222/113116", "correlationVector":"VEQ8FhoRSFuEBTNuElRHq6.1","action":"SyncServerConnectionManagerRequest", "result":"SYNC_SERVER_OK", "context":{"environment":"Prod_southeastasia_prod-s01-065-apac-southeastasia", "migrationStage":"NotStarted", "server":"akswtt003000035"}}
{"logTime": "1222/113116", "correlationVector":"VEQ8FhoRSFuEBTNuElRHq6.2","action":"Commit Response", "result":"Success", "context":Result: Success. cV=VEQ8FhoRSFuEBTNuElRHq6.0;server=akswtt003000035;cloudType=Consumer;environment=Prod_southeastasia_prod-s01-065-apac-southeastasia;migrationStage=NotStarted}
{"logTime": "1222/113148", "correlationVector":"nwVn3kbU7M9nzys/ccHrN8","action":"Commit Request", "result":"", "context":Item count: 4
Contributing types: Sessions, History}
{"logTime": "1222/113149", "correlationVector":"nwVn3kbU7M9nzys/ccHrN8.1","action":"SyncServerConnectionManagerRequest", "result":"SYNC_SERVER_OK", "context":{"environment":"Prod_southeastasia_prod-s01-065-apac-southeastasia", "migrationStage":"NotStarted", "server":"akswtt003000008"}}
{"logTime": "1222/113149", "correlationVector":"nwVn3kbU7M9nzys/ccHrN8.2","action":"Commit Response", "result":"Success", "context":Result: Success. cV=nwVn3kbU7M9nzys/ccHrN8.0;server=akswtt003000008;cloudType=Consumer;environment=Prod_southeastasia_prod-s01-065-apac-southeastasia;migrationStage=NotStarted}
{"logTime": "1222/113220", "correlationVector":"UrSdxPGQ9ouGFIJBaID2bu","action":"Commit Request", "result":"", "context":Item count: 1
Contributing types: Sessions}
{"logTime": "1222/113221", "correlationVector":"UrSdxPGQ9ouGFIJBaID2bu.1","action":"SyncServerConnectionManagerRequest", "result":"SYNC_SERVER_OK", "context":{"environment":"Prod_southeastasia_prod-s01-065-apac-southeastasia", "migrationStage":"NotStarted", "server":"akswtt00300003p"}}
{"logTime": "1222/113221", "correlationVector":"UrSdxPGQ9ouGFIJBaID2bu.2","action":"Commit Response", "result":"Success", "context":Result: Success. cV=UrSdxPGQ9ouGFIJBaID2bu.0;server=akswtt00300003p;cloudType=Consumer;environment=Prod_southeastasia_prod-s01-065-apac-southeastasia;migrationStage=NotStarted}
{"logTime": "1222/113257", "correlationVector":"tTRP+4pynBrVCzJA5kVUbi","action":"Commit Request", "result":"", "context":Item count: 4
Contributing types: Sessions, History}
{"logTime": "1222/113257", "correlationVector":"tTRP+4pynBrVCzJA5kVUbi.1","action":"SyncServerConnectionManagerRequest", "result":"SYNC_SERVER_OK", "context":{"environment":"Prod_southeastasia_prod-s01-065-apac-southeastasia", "migrationStage":"NotStarted", "server":"akswtt003000035"}}
{"logTime": "1222/113257", "correlationVector":"tTRP+4pynBrVCzJA5kVUbi.2","action":"Commit Response", "result":"Success", "context":Result: Success. cV=tTRP+4pynBrVCzJA5kVUbi.0;server=akswtt003000035;cloudType=Consumer;environment=Prod_southeastasia_prod-s01-065-apac-southeastasia;migrationStage=NotStarted}
{"logTime": "1222/113332", "correlationVector":"ypa2w3Lhw7ZIUtHUfEhE6Y","action":"Commit Request", "result":"", "context":Item count: 4
Contributing types: Sessions, History}
{"logTime": "1222/113333", "correlationVector":"ypa2w3Lhw7ZIUtHUfEhE6Y.1","action":"SyncServerConnectionManagerRequest", "result":"SYNC_SERVER_OK", "context":{"environment":"Prod_southeastasia_prod-s01-065-apac-southeastasia", "migrationStage":"NotStarted", "server":"akswtt00300000r"}}
{"logTime": "1222/113333", "correlationVector":"ypa2w3Lhw7ZIUtHUfEhE6Y.2","action":"Commit Response", "result":"Success", "context":Result: Success. cV=ypa2w3Lhw7ZIUtHUfEhE6Y.0;server=akswtt00300000r;cloudType=Consumer;environment=Prod_southeastasia_prod-s01-065-apac-southeastasia;migrationStage=NotStarted}
{"logTime": "1222/113823", "correlationVector":"HM7GubFRABLAGVJBJDG+NK","action":"Commit Request", "result":"", "context":Item count: 5
Contributing types: Sessions, History}
{"logTime": "1222/113825", "correlationVector":"HM7GubFRABLAGVJBJDG+NK.1","action":"SyncServerConnectionManagerRequest", "result":"SYNC_SERVER_OK", "context":{"environment":"Prod_southeastasia_prod-s01-064-apac-southeastasia", "migrationStage":"NotStarted", "server":"akswtt00300002d"}}
{"logTime": "1222/113825", "correlationVector":"HM7GubFRABLAGVJBJDG+NK.2","action":"Commit Response", "result":"Success", "context":Result: Success. cV=HM7GubFRABLAGVJBJDG+NK.0;server=akswtt00300002d;cloudType=Consumer;environment=Prod_southeastasia_prod-s01-064-apac-southeastasia;migrationStage=NotStarted}
{"logTime": "1222/113855", "correlationVector":"WSm0DRgAWxZBkLEPqkBTDu","action":"Commit Request", "result":"", "context":Item count: 4
Contributing types: Sessions, History}
{"logTime": "1222/113856", "correlationVector":"WSm0DRgAWxZBkLEPqkBTDu.1","action":"SyncServerConnectionManagerRequest", "result":"SYNC_SERVER_OK", "context":{"environment":"Prod_southeastasia_prod-s01-064-apac-southeastasia", "migrationStage":"NotStarted", "server":"akswtt00300000d"}}
{"logTime": "1222/113856", "correlationVector":"WSm0DRgAWxZBkLEPqkBTDu.2","action":"Commit Response", "result":"Success", "context":Result: Success. cV=WSm0DRgAWxZBkLEPqkBTDu.0;server=akswtt00300000d;cloudType=Consumer;environment=Prod_southeastasia_prod-s01-064-apac-southeastasia;migrationStage=NotStarted}
{"logTime": "1222/135125", "correlationVector":"ySOFcWKo3r/0yWnb6RFHvK","action":"Poll GetUpdate request", "result":"", "context":cV=ySOFcWKo3r/0yWnb6RFHvK}
{"logTime": "1222/135127", "correlationVector":"ySOFcWKo3r/0yWnb6RFHvK.1","action":"SyncServerConnectionManagerRequest", "result":"SYNC_AUTH_ERROR", "context":{"environment":"Prod_southeastasia_prod-s01-064-apac-southeastasia", "migrationStage":"NotStarted", "server":"akswtt00300002e"}}
{"logTime": "1222/135127", "correlationVector":"ySOFcWKo3r/0yWnb6RFHvK.2","action":"GetUpdates Response", "result":"HTTP error (401)", "context":Received error: HTTP error (401). cV=ySOFcWKo3r/0yWnb6RFHvK.0;server=akswtt00300002e;cloudType=Undetermined;environment=Prod_southeastasia_prod-s01-064-apac-southeastasia;migrationStage=NotStarted}
{"logTime": "1222/135129", "correlationVector":"cWq93Ufq5h4bRe7WarkS/f","action":"Poll GetUpdate request", "result":"", "context":cV=cWq93Ufq5h4bRe7WarkS/f}
{"logTime": "1222/135130", "correlationVector":"cWq93Ufq5h4bRe7WarkS/f.1","action":"SyncServerConnectionManagerRequest", "result":"SYNC_SERVER_OK", "context":{"environment":"Prod_southeastasia_prod-s01-064-apac-southeastasia", "migrationStage":"NotStarted", "server":"akswtt00300000d"}}
{"logTime": "1222/135130", "correlationVector":"cWq93Ufq5h4bRe7WarkS/f.2","action":"GetUpdates Response", "result":"Success", "context":Received 22 update(s). cV=cWq93Ufq5h4bRe7WarkS/f.0;server=akswtt00300000d;cloudType=Consumer;environment=Prod_southeastasia_prod-s01-064-apac-southeastasia;migrationStage=NotStarted}
{"logTime": "1222/143228", "correlationVector":"EEtqa/0EMfnfsr4RuEG6et","action":"Commit Request", "result":"", "context":Item count: 1
Contributing types: Sessions}
{"logTime": "1222/143232", "correlationVector":"EEtqa/0EMfnfsr4RuEG6et.1","action":"SyncServerConnectionManagerRequest", "result":"SYNC_SERVER_OK", "context":{"environment":"Prod_southeastasia_prod-s01-064-apac-southeastasia", "migrationStage":"NotStarted", "server":"akswtt00300002y"}}
{"logTime": "1222/143232", "correlationVector":"EEtqa/0EMfnfsr4RuEG6et.2","action":"Commit Response", "result":"Success", "context":Result: Success. cV=EEtqa/0EMfnfsr4RuEG6et.0;server=akswtt00300002y;cloudType=Consumer;environment=Prod_southeastasia_prod-s01-064-apac-southeastasia;migrationStage=NotStarted}
{"logTime": "1222/144440", "correlationVector":"/ZCmopIOfGihoO3C1mXill","action":"Commit Request", "result":"", "context":Item count: 5
Contributing types: Sessions, History}
{"logTime": "1222/144524", "correlationVector":"/ZCmopIOfGihoO3C1mXill","action":"SyncServerConnectionManagerRequest", "result":"CONNECTION_UNAVAILABLE", "context":{"error_type":"net_error_code", "error_value":"-101"}}
{"logTime": "1222/144524", "correlationVector":"ONaPyzJYNU7UVlOuIPc6qd.0","action":"Commit Response", "result":"Network error (ERR_CONNECTION_RESET)", "context":Result: Network error (ERR_CONNECTION_RESET). }
{"logTime": "1222/144639", "correlationVector":"mxrx8/AFILQp+8oKB28mrS","action":"Commit Request", "result":"", "context":Item count: 5
Contributing types: Sessions, History}
{"logTime": "1222/144659", "correlationVector":"mxrx8/AFILQp+8oKB28mrS.1","action":"SyncServerConnectionManagerRequest", "result":"SYNC_SERVER_OK", "context":{"environment":"Prod_southeastasia_prod-s01-064-apac-southeastasia", "migrationStage":"NotStarted", "server":"akswtt003000002"}}
{"logTime": "1222/144659", "correlationVector":"mxrx8/AFILQp+8oKB28mrS.2","action":"Commit Response", "result":"Success", "context":Result: Success. cV=mxrx8/AFILQp+8oKB28mrS.0;server=akswtt003000002;cloudType=Consumer;environment=Prod_southeastasia_prod-s01-064-apac-southeastasia;migrationStage=NotStarted}
{"logTime": "1222/144729", "correlationVector":"ngxaqyoo4p6wDeqI5945F0","action":"Commit Request", "result":"", "context":Item count: 4
Contributing types: Sessions, History}
{"logTime": "1222/144739", "correlationVector":"ngxaqyoo4p6wDeqI5945F0.1","action":"SyncServerConnectionManagerRequest", "result":"SYNC_SERVER_OK", "context":{"environment":"Prod_southeastasia_prod-s01-064-apac-southeastasia", "migrationStage":"NotStarted", "server":"akswtt003000044"}}
{"logTime": "1222/144739", "correlationVector":"ngxaqyoo4p6wDeqI5945F0.2","action":"Commit Response", "result":"Success", "context":Result: Success. cV=ngxaqyoo4p6wDeqI5945F0.0;server=akswtt003000044;cloudType=Consumer;environment=Prod_southeastasia_prod-s01-064-apac-southeastasia;migrationStage=NotStarted}
{"logTime": "1222/144809", "correlationVector":"AAx5auJMgmW0LBVmUhvOM9","action":"Commit Request", "result":"", "context":Item count: 1
Contributing types: Sessions}
{"logTime": "1222/144812", "correlationVector":"AAx5auJMgmW0LBVmUhvOM9.1","action":"SyncServerConnectionManagerRequest", "result":"SYNC_SERVER_OK", "context":{"environment":"Prod_southeastasia_prod-s01-064-apac-southeastasia", "migrationStage":"NotStarted", "server":"akswtt00300001d"}}
{"logTime": "1222/144812", "correlationVector":"AAx5auJMgmW0LBVmUhvOM9.2","action":"Commit Response", "result":"Success", "context":Result: Success. cV=AAx5auJMgmW0LBVmUhvOM9.0;server=akswtt00300001d;cloudType=Consumer;environment=Prod_southeastasia_prod-s01-064-apac-southeastasia;migrationStage=NotStarted}
{"logTime": "1222/145307", "correlationVector":"7bj1sHoxLkgVWklvEtf5Zi","action":"Commit Request", "result":"", "context":Item count: 4
Contributing types: Sessions, History}
{"logTime": "1222/145319", "correlationVector":"7bj1sHoxLkgVWklvEtf5Zi.1","action":"SyncServerConnectionManagerRequest", "result":"SYNC_SERVER_OK", "context":{"environment":"Prod_southeastasia_prod-s01-065-apac-southeastasia", "migrationStage":"NotStarted", "server":"akswtt00300001a"}}
{"logTime": "1222/145319", "correlationVector":"7bj1sHoxLkgVWklvEtf5Zi.2","action":"Commit Response", "result":"Success", "context":Result: Success. cV=7bj1sHoxLkgVWklvEtf5Zi.0;server=akswtt00300001a;cloudType=Consumer;environment=Prod_southeastasia_prod-s01-065-apac-southeastasia;migrationStage=NotStarted}
{"logTime": "1222/145349", "correlationVector":"TSkJNQJNZaQsLcmAeG2+CQ","action":"Commit Request", "result":"", "context":Item count: 4
Contributing types: Sessions, History}
{"logTime": "1222/145351", "correlationVector":"TSkJNQJNZaQsLcmAeG2+CQ.1","action":"SyncServerConnectionManagerRequest", "result":"SYNC_SERVER_OK", "context":{"environment":"Prod_southeastasia_prod-s01-065-apac-southeastasia", "migrationStage":"NotStarted", "server":"akswtt00300001a"}}
{"logTime": "1222/145351", "correlationVector":"TSkJNQJNZaQsLcmAeG2+CQ.2","action":"Commit Response", "result":"Success", "context":Result: Success. cV=TSkJNQJNZaQsLcmAeG2+CQ.0;server=akswtt00300001a;cloudType=Consumer;environment=Prod_southeastasia_prod-s01-065-apac-southeastasia;migrationStage=NotStarted}
{"logTime": "1222/145430", "correlationVector":"gBuXDnwkTceDUfX7na1Vyn","action":"Commit Request", "result":"", "context":Item count: 5
Contributing types: Sessions, History}
{"logTime": "1222/145433", "correlationVector":"gBuXDnwkTceDUfX7na1Vyn.1","action":"SyncServerConnectionManagerRequest", "result":"SYNC_SERVER_OK", "context":{"environment":"Prod_southeastasia_prod-s01-065-apac-southeastasia", "migrationStage":"NotStarted", "server":"akswtt00300000g"}}
{"logTime": "1222/145433", "correlationVector":"gBuXDnwkTceDUfX7na1Vyn.2","action":"Commit Response", "result":"Success", "context":Result: Success. cV=gBuXDnwkTceDUfX7na1Vyn.0;server=akswtt00300000g;cloudType=Consumer;environment=Prod_southeastasia_prod-s01-065-apac-southeastasia;migrationStage=NotStarted}
{"logTime": "1222/145519", "correlationVector":"m/RHlvBnVb8fyigc2Kmcdx","action":"Commit Request", "result":"", "context":Item count: 5
Contributing types: Sessions, History}
{"logTime": "1222/145523", "correlationVector":"m/RHlvBnVb8fyigc2Kmcdx.1","action":"SyncServerConnectionManagerRequest", "result":"SYNC_SERVER_OK", "context":{"environment":"Prod_southeastasia_prod-s01-065-apac-southeastasia", "migrationStage":"NotStarted", "server":"akswtt00300000j"}}
{"logTime": "1222/145523", "correlationVector":"m/RHlvBnVb8fyigc2Kmcdx.2","action":"Commit Response", "result":"Success", "context":Result: Success. cV=m/RHlvBnVb8fyigc2Kmcdx.0;server=akswtt00300000j;cloudType=Consumer;environment=Prod_southeastasia_prod-s01-065-apac-southeastasia;migrationStage=NotStarted}
{"logTime": "1222/145609", "correlationVector":"8DuDyg0ojwFM95lCvuJUhg","action":"Commit Request", "result":"", "context":Item count: 4
Contributing types: Sessions, History}
{"logTime": "1222/145612", "correlationVector":"8DuDyg0ojwFM95lCvuJUhg.1","action":"SyncServerConnectionManagerRequest", "result":"SYNC_SERVER_OK", "context":{"environment":"Prod_southeastasia_prod-s01-065-apac-southeastasia", "migrationStage":"NotStarted", "server":"akswtt00300000g"}}
{"logTime": "1222/145612", "correlationVector":"8DuDyg0ojwFM95lCvuJUhg.2","action":"Commit Response", "result":"Success", "context":Result: Success. cV=8DuDyg0ojwFM95lCvuJUhg.0;server=akswtt00300000g;cloudType=Consumer;environment=Prod_southeastasia_prod-s01-065-apac-southeastasia;migrationStage=NotStarted}
{"logTime": "1222/145648", "correlationVector":"hR0Kt2bRNeS+YWqxAqKTHS","action":"Commit Request", "result":"", "context":Item count: 1
Contributing types: Sessions}
{"logTime": "1222/145649", "correlationVector":"hR0Kt2bRNeS+YWqxAqKTHS.1","action":"SyncServerConnectionManagerRequest", "result":"SYNC_SERVER_OK", "context":{"environment":"Prod_southeastasia_prod-s01-065-apac-southeastasia", "migrationStage":"NotStarted", "server":"akswtt00300000f"}}
{"logTime": "1222/145649", "correlationVector":"hR0Kt2bRNeS+YWqxAqKTHS.2","action":"Commit Response", "result":"Success", "context":Result: Success. cV=hR0Kt2bRNeS+YWqxAqKTHS.0;server=akswtt00300000f;cloudType=Consumer;environment=Prod_southeastasia_prod-s01-065-apac-southeastasia;migrationStage=NotStarted}
{"logTime": "1222/145745", "correlationVector":"e2isgAGhmqQraMqjWrPcuR","action":"Commit Request", "result":"", "context":Item count: 1
Contributing types: Sessions}
{"logTime": "1222/145746", "correlationVector":"e2isgAGhmqQraMqjWrPcuR.1","action":"SyncServerConnectionManagerRequest", "result":"SYNC_SERVER_OK", "context":{"environment":"Prod_southeastasia_prod-s01-065-apac-southeastasia", "migrationStage":"NotStarted", "server":"akswtt003000006"}}
{"logTime": "1222/145746", "correlationVector":"e2isgAGhmqQraMqjWrPcuR.2","action":"Commit Response", "result":"Success", "context":Result: Success. cV=e2isgAGhmqQraMqjWrPcuR.0;server=akswtt003000006;cloudType=Consumer;environment=Prod_southeastasia_prod-s01-065-apac-southeastasia;migrationStage=NotStarted}
{"logTime": "1222/145905", "correlationVector":"k6ly7OzfyPJwgfFlX+QiZo","action":"Commit Request", "result":"", "context":Item count: 1
Contributing types: Sessions}
{"logTime": "1222/145906", "correlationVector":"k6ly7OzfyPJwgfFlX+QiZo.1","action":"SyncServerConnectionManagerRequest", "result":"SYNC_SERVER_OK", "context":{"environment":"Prod_southeastasia_prod-s01-065-apac-southeastasia", "migrationStage":"NotStarted", "server":"akswtt00300003n"}}
{"logTime": "1222/145906", "correlationVector":"k6ly7OzfyPJwgfFlX+QiZo.2","action":"Commit Response", "result":"Success", "context":Result: Success. cV=k6ly7OzfyPJwgfFlX+QiZo.0;server=akswtt00300003n;cloudType=Consumer;environment=Prod_southeastasia_prod-s01-065-apac-southeastasia;migrationStage=NotStarted}
{"logTime": "1222/150020", "correlationVector":"xokTEVn1Z54lG0y1qt3fuT","action":"Commit Request", "result":"", "context":Item count: 1
Contributing types: Sessions}
{"logTime": "1222/150021", "correlationVector":"xokTEVn1Z54lG0y1qt3fuT.1","action":"SyncServerConnectionManagerRequest", "result":"SYNC_SERVER_OK", "context":{"environment":"Prod_southeastasia_prod-s01-065-apac-southeastasia", "migrationStage":"NotStarted", "server":"akswtt00300000f"}}
{"logTime": "1222/150021", "correlationVector":"xokTEVn1Z54lG0y1qt3fuT.2","action":"Commit Response", "result":"Success", "context":Result: Success. cV=xokTEVn1Z54lG0y1qt3fuT.0;server=akswtt00300000f;cloudType=Consumer;environment=Prod_southeastasia_prod-s01-065-apac-southeastasia;migrationStage=NotStarted}
{"logTime": "1222/150108", "correlationVector":"Mmn2oA+dylfNBqjeAVuNRg","action":"Commit Request", "result":"", "context":Item count: 1
Contributing types: Sessions}
{"logTime": "1222/150113", "correlationVector":"Mmn2oA+dylfNBqjeAVuNRg.1","action":"SyncServerConnectionManagerRequest", "result":"SYNC_SERVER_OK", "context":{"environment":"Prod_southeastasia_prod-s01-065-apac-southeastasia", "migrationStage":"NotStarted", "server":"akswtt003000002"}}
{"logTime": "1222/150113", "correlationVector":"Mmn2oA+dylfNBqjeAVuNRg.2","action":"Commit Response", "result":"Success", "context":Result: Success. cV=Mmn2oA+dylfNBqjeAVuNRg.0;server=akswtt003000002;cloudType=Consumer;environment=Prod_southeastasia_prod-s01-065-apac-southeastasia;migrationStage=NotStarted}
{"logTime": "1222/150209", "correlationVector":"1inOnmMVbi6gmup841e5hl","action":"Commit Request", "result":"", "context":Item count: 1
Contributing types: Sessions}
{"logTime": "1222/150213", "correlationVector":"1inOnmMVbi6gmup841e5hl.1","action":"SyncServerConnectionManagerRequest", "result":"SYNC_SERVER_OK", "context":{"environment":"Prod_southeastasia_prod-s01-065-apac-southeastasia", "migrationStage":"NotStarted", "server":"akswtt00300001u"}}
{"logTime": "1222/150213", "correlationVector":"1inOnmMVbi6gmup841e5hl.2","action":"Commit Response", "result":"Success", "context":Result: Success. cV=1inOnmMVbi6gmup841e5hl.0;server=akswtt00300001u;cloudType=Consumer;environment=Prod_southeastasia_prod-s01-065-apac-southeastasia;migrationStage=NotStarted}
{"logTime": "1222/150641", "correlationVector":"TBoYf8kfl3kUrKb7EKNnDd","action":"Commit Request", "result":"", "context":Item count: 1
Contributing types: Sessions}
{"logTime": "1222/150733", "correlationVector":"TBoYf8kfl3kUrKb7EKNnDd","action":"SyncServerConnectionManagerRequest", "result":"CONNECTION_UNAVAILABLE", "context":{"error_type":"net_error_code", "error_value":"-101"}}
{"logTime": "1222/150733", "correlationVector":"/xJykRPcsgAcR/zWV9lpy0.0","action":"Commit Response", "result":"Network error (ERR_CONNECTION_RESET)", "context":Result: Network error (ERR_CONNECTION_RESET). }
{"logTime": "1222/150848", "correlationVector":"O1L/FXzD5UTL8ZFyPEATrv","action":"Commit Request", "result":"", "context":Item count: 1
Contributing types: Sessions}
{"logTime": "1222/150848", "correlationVector":"O1L/FXzD5UTL8ZFyPEATrv","action":"SyncServerConnectionManagerRequest", "result":"CONNECTION_UNAVAILABLE", "context":{"error_type":"net_error_code", "error_value":"-105"}}
{"logTime": "1222/150848", "correlationVector":"XtljeDBfXaH1Lc9p/J/FAR.0","action":"Commit Response", "result":"Network error (ERR_NAME_NOT_RESOLVED)", "context":Result: Network error (ERR_NAME_NOT_RESOLVED). }
{"logTime": "1222/150904", "correlationVector":"L/Fbhbzy2cKqBHGq5P8ZKK","action":"Commit Request", "result":"", "context":Item count: 1
Contributing types: Sessions}
{"logTime": "1222/150905", "correlationVector":"L/Fbhbzy2cKqBHGq5P8ZKK","action":"SyncServerConnectionManagerRequest", "result":"CONNECTION_UNAVAILABLE", "context":{"error_type":"net_error_code", "error_value":"-105"}}
{"logTime": "1222/150905", "correlationVector":"vK3E4w6aY4xK+HJk6a2/Dv.0","action":"Commit Response", "result":"Network error (ERR_NAME_NOT_RESOLVED)", "context":Result: Network error (ERR_NAME_NOT_RESOLVED). }
{"logTime": "1222/150925", "correlationVector":"k4SA7Yg4q7tRxzZw1xbqai","action":"Commit Request", "result":"", "context":Item count: 1
Contributing types: Sessions}
{"logTime": "1222/150925", "correlationVector":"k4SA7Yg4q7tRxzZw1xbqai","action":"SyncServerConnectionManagerRequest", "result":"CONNECTION_UNAVAILABLE", "context":{"error_type":"net_error_code", "error_value":"-105"}}
{"logTime": "1222/150925", "correlationVector":"PHf8AhtHsf8nUSfYo/ivRu.0","action":"Commit Response", "result":"Network error (ERR_NAME_NOT_RESOLVED)", "context":Result: Network error (ERR_NAME_NOT_RESOLVED). }
{"logTime": "1222/150927", "correlationVector":"F5E61vT853S/43Mo8AsGnr","action":"Commit Request", "result":"", "context":Item count: 1
Contributing types: Sessions}
{"logTime": "1222/150928", "correlationVector":"F5E61vT853S/43Mo8AsGnr","action":"SyncServerConnectionManagerRequest", "result":"CONNECTION_UNAVAILABLE", "context":{"error_type":"net_error_code", "error_value":"-105"}}
{"logTime": "1222/150928", "correlationVector":"WiBjdpLo1ORE6wIQuzK7eE.0","action":"Commit Response", "result":"Network error (ERR_NAME_NOT_RESOLVED)", "context":Result: Network error (ERR_NAME_NOT_RESOLVED). }
{"logTime": "1222/151036", "correlationVector":"U3f0TkpRpGYQvLI2ANRCpu","action":"Commit Request", "result":"", "context":Item count: 1
Contributing types: Sessions}
{"logTime": "1222/151052", "correlationVector":"U3f0TkpRpGYQvLI2ANRCpu.1","action":"SyncServerConnectionManagerRequest", "result":"SYNC_SERVER_OK", "context":{"environment":"Prod_southeastasia_prod-s01-064-apac-southeastasia", "migrationStage":"NotStarted", "server":"akswtt003000044"}}
{"logTime": "1222/151052", "correlationVector":"U3f0TkpRpGYQvLI2ANRCpu.2","action":"Commit Response", "result":"Success", "context":Result: Success. cV=U3f0TkpRpGYQvLI2ANRCpu.0;server=akswtt003000044;cloudType=Consumer;environment=Prod_southeastasia_prod-s01-064-apac-southeastasia;migrationStage=NotStarted}
{"logTime": "1222/151134", "correlationVector":"b0tjkMS/G8jtIFZcCV8wtL","action":"Commit Request", "result":"", "context":Item count: 1
Contributing types: Sessions}
{"logTime": "1222/151145", "correlationVector":"b0tjkMS/G8jtIFZcCV8wtL","action":"SyncServerConnectionManagerRequest", "result":"CONNECTION_UNAVAILABLE", "context":{"error_type":"net_error_code", "error_value":"-21"}}
{"logTime": "1222/151145", "correlationVector":"vo6aScgcOYItQQka5lO9qz.0","action":"Commit Response", "result":"Network error (ERR_NETWORK_CHANGED)", "context":Result: Network error (ERR_NETWORK_CHANGED). }
{"logTime": "1222/151147", "correlationVector":"aKlhhFEk9ziJpd2Z3aj21Q","action":"Commit Request", "result":"", "context":Item count: 1
Contributing types: Sessions}
{"logTime": "1222/151149", "correlationVector":"aKlhhFEk9ziJpd2Z3aj21Q","action":"SyncServerConnectionManagerRequest", "result":"CONNECTION_UNAVAILABLE", "context":{"error_type":"net_error_code", "error_value":"-21"}}
{"logTime": "1222/151149", "correlationVector":"F6RdWSDYg10zpfjB/BDNIY.0","action":"Commit Response", "result":"Network error (ERR_NETWORK_CHANGED)", "context":Result: Network error (ERR_NETWORK_CHANGED). }
{"logTime": "1222/151150", "correlationVector":"HZtuW+kOnpL3m7MdplU+oB","action":"Commit Request", "result":"", "context":Item count: 1
Contributing types: Sessions}
{"logTime": "1222/151218", "correlationVector":"HZtuW+kOnpL3m7MdplU+oB.1","action":"SyncServerConnectionManagerRequest", "result":"SYNC_SERVER_OK", "context":{"environment":"Prod_southeastasia_prod-s01-064-apac-southeastasia", "migrationStage":"NotStarted", "server":"akswtt00300002t"}}
{"logTime": "1222/151218", "correlationVector":"HZtuW+kOnpL3m7MdplU+oB.2","action":"Commit Response", "result":"Success", "context":Result: Success. cV=HZtuW+kOnpL3m7MdplU+oB.0;server=akswtt00300002t;cloudType=Consumer;environment=Prod_southeastasia_prod-s01-064-apac-southeastasia;migrationStage=NotStarted}
{"logTime": "1222/151433", "correlationVector":"0HKNbkP+xQ5kE7eqVC9hUe","action":"Commit Request", "result":"", "context":Item count: 1
Contributing types: Sessions}
{"logTime": "1222/151501", "correlationVector":"0HKNbkP+xQ5kE7eqVC9hUe","action":"SyncServerConnectionManagerRequest", "result":"CONNECTION_UNAVAILABLE", "context":{"error_type":"net_error_code", "error_value":"-101"}}
{"logTime": "1222/151501", "correlationVector":"6hTL8vuM1lhrxt/9UXC+0A.0","action":"Commit Response", "result":"Network error (ERR_CONNECTION_RESET)", "context":Result: Network error (ERR_CONNECTION_RESET). }
{"logTime": "1222/151616", "correlationVector":"V7mpd0stUjcapAgUwMVsJJ","action":"Commit Request", "result":"", "context":Item count: 4
Contributing types: Sessions, History}
{"logTime": "1222/151620", "correlationVector":"V7mpd0stUjcapAgUwMVsJJ.1","action":"SyncServerConnectionManagerRequest", "result":"SYNC_SERVER_OK", "context":{"environment":"Prod_southeastasia_prod-s01-064-apac-southeastasia", "migrationStage":"NotStarted", "server":"akswtt00300000z"}}
{"logTime": "1222/151620", "correlationVector":"V7mpd0stUjcapAgUwMVsJJ.2","action":"Commit Response", "result":"Success", "context":Result: Success. cV=V7mpd0stUjcapAgUwMVsJJ.0;server=akswtt00300000z;cloudType=Consumer;environment=Prod_southeastasia_prod-s01-064-apac-southeastasia;migrationStage=NotStarted}
{"logTime": "1222/151707", "correlationVector":"CjCwohKq6IHw5gZOMV3799","action":"Commit Request", "result":"", "context":Item count: 4
Contributing types: Sessions, History}
{"logTime": "1222/151805", "correlationVector":"CjCwohKq6IHw5gZOMV3799.1","action":"SyncServerConnectionManagerRequest", "result":"SYNC_SERVER_OK", "context":{"environment":"Prod_southeastasia_prod-s01-065-apac-southeastasia", "migrationStage":"NotStarted", "server":"akswtt00300001f"}}
{"logTime": "1222/151805", "correlationVector":"CjCwohKq6IHw5gZOMV3799.2","action":"Commit Response", "result":"Success", "context":Result: Success. cV=CjCwohKq6IHw5gZOMV3799.0;server=akswtt00300001f;cloudType=Consumer;environment=Prod_southeastasia_prod-s01-065-apac-southeastasia;migrationStage=NotStarted}
{"logTime": "1222/151835", "correlationVector":"It6pyUpKY+D3pDXWIKF03J","action":"Commit Request", "result":"", "context":Item count: 1
Contributing types: Sessions}
{"logTime": "1222/151918", "correlationVector":"It6pyUpKY+D3pDXWIKF03J","action":"SyncServerConnectionManagerRequest", "result":"CONNECTION_UNAVAILABLE", "context":{"error_type":"net_error_code", "error_value":"-101"}}
{"logTime": "1222/151918", "correlationVector":"7kw6zBBHBFh1D1+mJl2VSI.0","action":"Commit Response", "result":"Network error (ERR_CONNECTION_RESET)", "context":Result: Network error (ERR_CONNECTION_RESET). }
{"logTime": "1222/152003", "correlationVector":"DkRb0W3z8PQ3XxnaJj8Ujs","action":"Commit Request", "result":"", "context":Item count: 1
Contributing types: Sessions}
{"logTime": "1222/152006", "correlationVector":"DkRb0W3z8PQ3XxnaJj8Ujs.1","action":"SyncServerConnectionManagerRequest", "result":"SYNC_SERVER_OK", "context":{"environment":"Prod_southeastasia_prod-s01-065-apac-southeastasia", "migrationStage":"NotStarted", "server":"akswtt00300001v"}}
{"logTime": "1222/152006", "correlationVector":"DkRb0W3z8PQ3XxnaJj8Ujs.2","action":"Commit Response", "result":"Success", "context":Result: Success. cV=DkRb0W3z8PQ3XxnaJj8Ujs.0;server=akswtt00300001v;cloudType=Consumer;environment=Prod_southeastasia_prod-s01-065-apac-southeastasia;migrationStage=NotStarted}
{"logTime": "1222/152334", "correlationVector":"BYmBBWY/JK9Wxhf0MmrHhO","action":"Commit Request", "result":"", "context":Item count: 1
Contributing types: Sessions}
{"logTime": "1222/152338", "correlationVector":"BYmBBWY/JK9Wxhf0MmrHhO.1","action":"SyncServerConnectionManagerRequest", "result":"SYNC_SERVER_OK", "context":{"environment":"Prod_southeastasia_prod-s01-065-apac-southeastasia", "migrationStage":"NotStarted", "server":"akswtt00300002o"}}
{"logTime": "1222/152338", "correlationVector":"BYmBBWY/JK9Wxhf0MmrHhO.2","action":"Commit Response", "result":"Success", "context":Result: Success. cV=BYmBBWY/JK9Wxhf0MmrHhO.0;server=akswtt00300002o;cloudType=Consumer;environment=Prod_southeastasia_prod-s01-065-apac-southeastasia;migrationStage=NotStarted}
{"logTime": "1222/152408", "correlationVector":"OdpVOJ6vLmGnfTxsXAK/Ey","action":"Commit Request", "result":"", "context":Item count: 1
Contributing types: Sessions}
{"logTime": "1222/152408", "correlationVector":"OdpVOJ6vLmGnfTxsXAK/Ey.1","action":"SyncServerConnectionManagerRequest", "result":"SYNC_SERVER_OK", "context":{"environment":"Prod_southeastasia_prod-s01-065-apac-southeastasia", "migrationStage":"NotStarted", "server":"akswtt00300001p"}}
{"logTime": "1222/152408", "correlationVector":"OdpVOJ6vLmGnfTxsXAK/Ey.2","action":"Commit Response", "result":"Success", "context":Result: Success. cV=OdpVOJ6vLmGnfTxsXAK/Ey.0;server=akswtt00300001p;cloudType=Consumer;environment=Prod_southeastasia_prod-s01-065-apac-southeastasia;migrationStage=NotStarted}
{"logTime": "1222/152441", "correlationVector":"k1Jct7V1HOWEB6+mYVJcEN","action":"Commit Request", "result":"", "context":Item count: 5
Contributing types: Sessions, History}
{"logTime": "1222/152446", "correlationVector":"k1Jct7V1HOWEB6+mYVJcEN.1","action":"SyncServerConnectionManagerRequest", "result":"SYNC_SERVER_OK", "context":{"environment":"Prod_southeastasia_prod-s01-065-apac-southeastasia", "migrationStage":"NotStarted", "server":"akswtt00300002g"}}
{"logTime": "1222/152446", "correlationVector":"k1Jct7V1HOWEB6+mYVJcEN.2","action":"Commit Response", "result":"Success", "context":Result: Success. cV=k1Jct7V1HOWEB6+mYVJcEN.0;server=akswtt00300002g;cloudType=Consumer;environment=Prod_southeastasia_prod-s01-065-apac-southeastasia;migrationStage=NotStarted}
{"logTime": "1222/152516", "correlationVector":"FlplfnspfON0frwwaZjP/D","action":"Commit Request", "result":"", "context":Item count: 3
Contributing types: Sessions, History}
{"logTime": "1222/152529", "correlationVector":"FlplfnspfON0frwwaZjP/D.1","action":"SyncServerConnectionManagerRequest", "result":"SYNC_SERVER_ERROR", "context":{"environment":"Prod_southeastasia_prod-s01-065-apac-southeastasia", "error_type":"http_status_code", "error_value":"400", "migrationStage":"NotStarted", "server":"akswtt003000016"}}
{"logTime": "1222/152529", "correlationVector":"FlplfnspfON0frwwaZjP/D.2","action":"Commit Response", "result":"HTTP error (400)", "context":Result: HTTP error (400). cV=FlplfnspfON0frwwaZjP/D.0;server=akswtt003000016;cloudType=Consumer;environment=Prod_southeastasia_prod-s01-065-apac-southeastasia;migrationStage=NotStarted}
{"logTime": "1222/152644", "correlationVector":"b2Zt9rZqafnMcOTGUdqxgY","action":"Commit Request", "result":"", "context":Item count: 4
Contributing types: Sessions, History}
{"logTime": "1222/152651", "correlationVector":"b2Zt9rZqafnMcOTGUdqxgY.1","action":"SyncServerConnectionManagerRequest", "result":"SYNC_SERVER_OK", "context":{"environment":"Prod_southeastasia_prod-s01-065-apac-southeastasia", "migrationStage":"NotStarted", "server":"akswtt003000028"}}
{"logTime": "1222/152651", "correlationVector":"b2Zt9rZqafnMcOTGUdqxgY.2","action":"Commit Response", "result":"Success", "context":Result: Success. cV=b2Zt9rZqafnMcOTGUdqxgY.0;server=akswtt003000028;cloudType=Consumer;environment=Prod_southeastasia_prod-s01-065-apac-southeastasia;migrationStage=NotStarted}
{"logTime": "1222/152932", "correlationVector":"/mjzMx5AgLOUbgi75UxvQs","action":"Commit Request", "result":"", "context":Item count: 4
Contributing types: Sessions, History}
{"logTime": "1222/152958", "correlationVector":"/mjzMx5AgLOUbgi75UxvQs","action":"SyncServerConnectionManagerRequest", "result":"CONNECTION_UNAVAILABLE", "context":{"error_type":"net_error_code", "error_value":"-101"}}
{"logTime": "1222/152958", "correlationVector":"7swhZkf/OXW0k3H52z+0FV.0","action":"Commit Response", "result":"Network error (ERR_CONNECTION_RESET)", "context":Result: Network error (ERR_CONNECTION_RESET). }
{"logTime": "1222/153113", "correlationVector":"8golA5/i9EIfXOTfyXnvwS","action":"Commit Request", "result":"", "context":Item count: 5
Contributing types: Sessions, History}
{"logTime": "1222/153131", "correlationVector":"8golA5/i9EIfXOTfyXnvwS.1","action":"SyncServerConnectionManagerRequest", "result":"SYNC_SERVER_OK", "context":{"environment":"Prod_southeastasia_prod-s01-065-apac-southeastasia", "migrationStage":"NotStarted", "server":"akswtt003000031"}}
{"logTime": "1222/153131", "correlationVector":"8golA5/i9EIfXOTfyXnvwS.2","action":"Commit Response", "result":"Success", "context":Result: Success. cV=8golA5/i9EIfXOTfyXnvwS.0;server=akswtt003000031;cloudType=Consumer;environment=Prod_southeastasia_prod-s01-065-apac-southeastasia;migrationStage=NotStarted}
{"logTime": "1222/153241", "correlationVector":"gf0k8q7yX3dFNrDUPTHmyx","action":"Commit Request", "result":"", "context":Item count: 4
Contributing types: Sessions, History}
{"logTime": "1222/153248", "correlationVector":"gf0k8q7yX3dFNrDUPTHmyx.1","action":"SyncServerConnectionManagerRequest", "result":"SYNC_SERVER_OK", "context":{"environment":"Prod_southeastasia_prod-s01-065-apac-southeastasia", "migrationStage":"NotStarted", "server":"akswtt00300002u"}}
{"logTime": "1222/153248", "correlationVector":"gf0k8q7yX3dFNrDUPTHmyx.2","action":"Commit Response", "result":"Success", "context":Result: Success. cV=gf0k8q7yX3dFNrDUPTHmyx.0;server=akswtt00300002u;cloudType=Consumer;environment=Prod_southeastasia_prod-s01-065-apac-southeastasia;migrationStage=NotStarted}
{"logTime": "1222/153319", "correlationVector":"kVhcfb0vrAQPTSNxwFIMZW","action":"Commit Request", "result":"", "context":Item count: 1
Contributing types: Sessions}
{"logTime": "1222/153319", "correlationVector":"kVhcfb0vrAQPTSNxwFIMZW.1","action":"SyncServerConnectionManagerRequest", "result":"SYNC_SERVER_OK", "context":{"environment":"Prod_southeastasia_prod-s01-065-apac-southeastasia", "migrationStage":"NotStarted", "server":"akswtt003000026"}}
{"logTime": "1222/153319", "correlationVector":"kVhcfb0vrAQPTSNxwFIMZW.2","action":"Commit Response", "result":"Success", "context":Result: Success. cV=kVhcfb0vrAQPTSNxwFIMZW.0;server=akswtt003000026;cloudType=Consumer;environment=Prod_southeastasia_prod-s01-065-apac-southeastasia;migrationStage=NotStarted}
{"logTime": "1222/153413", "correlationVector":"scenc/FK+0CFwNAfYXUVaI","action":"Commit Request", "result":"", "context":Item count: 1
Contributing types: Sessions}
{"logTime": "1222/153414", "correlationVector":"scenc/FK+0CFwNAfYXUVaI.1","action":"SyncServerConnectionManagerRequest", "result":"SYNC_SERVER_OK", "context":{"environment":"Prod_southeastasia_prod-s01-065-apac-southeastasia", "migrationStage":"NotStarted", "server":"akswtt00300001t"}}
{"logTime": "1222/153414", "correlationVector":"scenc/FK+0CFwNAfYXUVaI.2","action":"Commit Response", "result":"Success", "context":Result: Success. cV=scenc/FK+0CFwNAfYXUVaI.0;server=akswtt00300001t;cloudType=Consumer;environment=Prod_southeastasia_prod-s01-065-apac-southeastasia;migrationStage=NotStarted}
{"logTime": "1222/153452", "correlationVector":"6GFwKXcjnXXAesQooOZ3QJ","action":"Commit Request", "result":"", "context":Item count: 1
Contributing types: Sessions}
{"logTime": "1222/153454", "correlationVector":"6GFwKXcjnXXAesQooOZ3QJ.1","action":"SyncServerConnectionManagerRequest", "result":"SYNC_SERVER_OK", "context":{"environment":"Prod_southeastasia_prod-s01-065-apac-southeastasia", "migrationStage":"NotStarted", "server":"akswtt003000036"}}
{"logTime": "1222/153454", "correlationVector":"6GFwKXcjnXXAesQooOZ3QJ.2","action":"Commit Response", "result":"Success", "context":Result: Success. cV=6GFwKXcjnXXAesQooOZ3QJ.0;server=akswtt003000036;cloudType=Consumer;environment=Prod_southeastasia_prod-s01-065-apac-southeastasia;migrationStage=NotStarted}
{"logTime": "1222/153537", "correlationVector":"bboHAW3pPqnfeQdPSZa2nf","action":"Commit Request", "result":"", "context":Item count: 1
Contributing types: Sessions}
{"logTime": "1222/153539", "correlationVector":"bboHAW3pPqnfeQdPSZa2nf.1","action":"SyncServerConnectionManagerRequest", "result":"SYNC_SERVER_OK", "context":{"environment":"Prod_southeastasia_prod-s01-065-apac-southeastasia", "migrationStage":"NotStarted", "server":"akswtt003000012"}}
{"logTime": "1222/153539", "correlationVector":"bboHAW3pPqnfeQdPSZa2nf.2","action":"Commit Response", "result":"Success", "context":Result: Success. cV=bboHAW3pPqnfeQdPSZa2nf.0;server=akswtt003000012;cloudType=Consumer;environment=Prod_southeastasia_prod-s01-065-apac-southeastasia;migrationStage=NotStarted}
{"logTime": "1222/153837", "correlationVector":"6l55rx6ZUszkmZ7Z3agI3I","action":"Commit Request", "result":"", "context":Item count: 1
Contributing types: Sessions}
{"logTime": "1222/153839", "correlationVector":"6l55rx6ZUszkmZ7Z3agI3I.1","action":"SyncServerConnectionManagerRequest", "result":"SYNC_SERVER_OK", "context":{"environment":"Prod_southeastasia_prod-s01-065-apac-southeastasia", "migrationStage":"NotStarted", "server":"akswtt00300002x"}}
{"logTime": "1222/153839", "correlationVector":"6l55rx6ZUszkmZ7Z3agI3I.2","action":"Commit Response", "result":"Success", "context":Result: Success. cV=6l55rx6ZUszkmZ7Z3agI3I.0;server=akswtt00300002x;cloudType=Consumer;environment=Prod_southeastasia_prod-s01-065-apac-southeastasia;migrationStage=NotStarted}
{"logTime": "1222/153913", "correlationVector":"hjdSlHsHeEbiHc4MIvwrOW","action":"Commit Request", "result":"", "context":Item count: 1
Contributing types: Sessions}
{"logTime": "1222/153914", "correlationVector":"hjdSlHsHeEbiHc4MIvwrOW.1","action":"SyncServerConnectionManagerRequest", "result":"SYNC_SERVER_OK", "context":{"environment":"Prod_southeastasia_prod-s01-065-apac-southeastasia", "migrationStage":"NotStarted", "server":"akswtt00300002w"}}
{"logTime": "1222/153914", "correlationVector":"hjdSlHsHeEbiHc4MIvwrOW.2","action":"Commit Response", "result":"Success", "context":Result: Success. cV=hjdSlHsHeEbiHc4MIvwrOW.0;server=akswtt00300002w;cloudType=Consumer;environment=Prod_southeastasia_prod-s01-065-apac-southeastasia;migrationStage=NotStarted}
{"logTime": "1222/154000", "correlationVector":"F8DN8OU/hogYizLQNc14gL","action":"Commit Request", "result":"", "context":Item count: 1
Contributing types: Sessions}
{"logTime": "1222/154000", "correlationVector":"F8DN8OU/hogYizLQNc14gL.1","action":"SyncServerConnectionManagerRequest", "result":"SYNC_SERVER_OK", "context":{"environment":"Prod_southeastasia_prod-s01-065-apac-southeastasia", "migrationStage":"NotStarted", "server":"akswtt00300000j"}}
{"logTime": "1222/154000", "correlationVector":"F8DN8OU/hogYizLQNc14gL.2","action":"Commit Response", "result":"Success", "context":Result: Success. cV=F8DN8OU/hogYizLQNc14gL.0;server=akswtt00300000j;cloudType=Consumer;environment=Prod_southeastasia_prod-s01-065-apac-southeastasia;migrationStage=NotStarted}
{"logTime": "1222/154041", "correlationVector":"HwRpEncg24WfZmhN0hd7gy","action":"Commit Request", "result":"", "context":Item count: 1
Contributing types: Sessions}
{"logTime": "1222/154042", "correlationVector":"HwRpEncg24WfZmhN0hd7gy.1","action":"SyncServerConnectionManagerRequest", "result":"SYNC_SERVER_OK", "context":{"environment":"Prod_southeastasia_prod-s01-065-apac-southeastasia", "migrationStage":"NotStarted", "server":"akswtt00300000t"}}
{"logTime": "1222/154042", "correlationVector":"HwRpEncg24WfZmhN0hd7gy.2","action":"Commit Response", "result":"Success", "context":Result: Success. cV=HwRpEncg24WfZmhN0hd7gy.0;server=akswtt00300000t;cloudType=Consumer;environment=Prod_southeastasia_prod-s01-065-apac-southeastasia;migrationStage=NotStarted}
{"logTime": "1222/154131", "correlationVector":"Mvx8FP/iFxuh5EMd3/tmKn","action":"Commit Request", "result":"", "context":Item count: 1
Contributing types: Sessions}
{"logTime": "1222/154136", "correlationVector":"Mvx8FP/iFxuh5EMd3/tmKn.1","action":"SyncServerConnectionManagerRequest", "result":"SYNC_SERVER_OK", "context":{"environment":"Prod_southeastasia_prod-s01-065-apac-southeastasia", "migrationStage":"NotStarted", "server":"akswtt00300002d"}}
{"logTime": "1222/154136", "correlationVector":"Mvx8FP/iFxuh5EMd3/tmKn.2","action":"Commit Response", "result":"Success", "context":Result: Success. cV=Mvx8FP/iFxuh5EMd3/tmKn.0;server=akswtt00300002d;cloudType=Consumer;environment=Prod_southeastasia_prod-s01-065-apac-southeastasia;migrationStage=NotStarted}
{"logTime": "1222/154212", "correlationVector":"Ozf8s/V891BGl9VEQD5gmv","action":"Commit Request", "result":"", "context":Item count: 1
Contributing types: Sessions}
{"logTime": "1222/154217", "correlationVector":"Ozf8s/V891BGl9VEQD5gmv.1","action":"SyncServerConnectionManagerRequest", "result":"SYNC_SERVER_OK", "context":{"environment":"Prod_southeastasia_prod-s01-065-apac-southeastasia", "migrationStage":"NotStarted", "server":"akswtt00300001x"}}
{"logTime": "1222/154217", "correlationVector":"Ozf8s/V891BGl9VEQD5gmv.2","action":"Commit Response", "result":"Success", "context":Result: Success. cV=Ozf8s/V891BGl9VEQD5gmv.0;server=akswtt00300001x;cloudType=Consumer;environment=Prod_southeastasia_prod-s01-065-apac-southeastasia;migrationStage=NotStarted}
{"logTime": "1222/154249", "correlationVector":"7wDEdp09X5DceHd++/o6uI","action":"Commit Request", "result":"", "context":Item count: 1
Contributing types: Sessions}
{"logTime": "1222/154253", "correlationVector":"7wDEdp09X5DceHd++/o6uI.1","action":"SyncServerConnectionManagerRequest", "result":"SYNC_SERVER_OK", "context":{"environment":"Prod_southeastasia_prod-s01-065-apac-southeastasia", "migrationStage":"NotStarted", "server":"akswtt00300001x"}}
{"logTime": "1222/154253", "correlationVector":"7wDEdp09X5DceHd++/o6uI.2","action":"Commit Response", "result":"Success", "context":Result: Success. cV=7wDEdp09X5DceHd++/o6uI.0;server=akswtt00300001x;cloudType=Consumer;environment=Prod_southeastasia_prod-s01-065-apac-southeastasia;migrationStage=NotStarted}
{"logTime": "1222/154323", "correlationVector":"Pyenx1L9t9YRg/pgWzGEJj","action":"Commit Request", "result":"", "context":Item count: 1
Contributing types: Sessions}
{"logTime": "1222/154331", "correlationVector":"Pyenx1L9t9YRg/pgWzGEJj.1","action":"SyncServerConnectionManagerRequest", "result":"SYNC_SERVER_OK", "context":{"environment":"Prod_southeastasia_prod-s01-065-apac-southeastasia", "migrationStage":"NotStarted", "server":"akswtt00300001n"}}
{"logTime": "1222/154331", "correlationVector":"Pyenx1L9t9YRg/pgWzGEJj.2","action":"Commit Response", "result":"Success", "context":Result: Success. cV=Pyenx1L9t9YRg/pgWzGEJj.0;server=akswtt00300001n;cloudType=Consumer;environment=Prod_southeastasia_prod-s01-065-apac-southeastasia;migrationStage=NotStarted}
{"logTime": "1222/154401", "correlationVector":"EF9Mt03Z6HXO+dM+h6jP9k","action":"Commit Request", "result":"", "context":Item count: 1
Contributing types: Sessions}
{"logTime": "1222/154405", "correlationVector":"EF9Mt03Z6HXO+dM+h6jP9k.1","action":"SyncServerConnectionManagerRequest", "result":"SYNC_SERVER_OK", "context":{"environment":"Prod_southeastasia_prod-s01-065-apac-southeastasia", "migrationStage":"NotStarted", "server":"akswtt00300000g"}}
{"logTime": "1222/154405", "correlationVector":"EF9Mt03Z6HXO+dM+h6jP9k.2","action":"Commit Response", "result":"Success", "context":Result: Success. cV=EF9Mt03Z6HXO+dM+h6jP9k.0;server=akswtt00300000g;cloudType=Consumer;environment=Prod_southeastasia_prod-s01-065-apac-southeastasia;migrationStage=NotStarted}
{"logTime": "1222/154439", "correlationVector":"A4++B69ZIMidvJVbHQqBu7","action":"Commit Request", "result":"", "context":Item count: 1
Contributing types: Sessions}
{"logTime": "1222/154443", "correlationVector":"A4++B69ZIMidvJVbHQqBu7.1","action":"SyncServerConnectionManagerRequest", "result":"SYNC_SERVER_OK", "context":{"environment":"Prod_southeastasia_prod-s01-065-apac-southeastasia", "migrationStage":"NotStarted", "server":"akswtt00300000h"}}
{"logTime": "1222/154443", "correlationVector":"A4++B69ZIMidvJVbHQqBu7.2","action":"Commit Response", "result":"Success", "context":Result: Success. cV=A4++B69ZIMidvJVbHQqBu7.0;server=akswtt00300000h;cloudType=Consumer;environment=Prod_southeastasia_prod-s01-065-apac-southeastasia;migrationStage=NotStarted}
{"logTime": "1222/154628", "correlationVector":"ppwegxOI1ESEJa0ZHB8VyW","action":"Commit Request", "result":"", "context":Item count: 5
Contributing types: Sessions, History}
{"logTime": "1222/154637", "correlationVector":"ppwegxOI1ESEJa0ZHB8VyW.1","action":"SyncServerConnectionManagerRequest", "result":"SYNC_SERVER_OK", "context":{"environment":"Prod_southeastasia_prod-s01-065-apac-southeastasia", "migrationStage":"NotStarted", "server":"akswtt00300000h"}}
{"logTime": "1222/154637", "correlationVector":"ppwegxOI1ESEJa0ZHB8VyW.2","action":"Commit Response", "result":"Success", "context":Result: Success. cV=ppwegxOI1ESEJa0ZHB8VyW.0;server=akswtt00300000h;cloudType=Consumer;environment=Prod_southeastasia_prod-s01-065-apac-southeastasia;migrationStage=NotStarted}
{"logTime": "1222/154707", "correlationVector":"vgSdtwLhoUeP7UK0ByR1Ot","action":"Commit Request", "result":"", "context":Item count: 4
Contributing types: Sessions, History}
{"logTime": "1222/154713", "correlationVector":"vgSdtwLhoUeP7UK0ByR1Ot.1","action":"SyncServerConnectionManagerRequest", "result":"SYNC_SERVER_OK", "context":{"environment":"Prod_southeastasia_prod-s01-065-apac-southeastasia", "migrationStage":"NotStarted", "server":"akswtt00300002d"}}
{"logTime": "1222/154713", "correlationVector":"vgSdtwLhoUeP7UK0ByR1Ot.2","action":"Commit Response", "result":"Success", "context":Result: Success. cV=vgSdtwLhoUeP7UK0ByR1Ot.0;server=akswtt00300002d;cloudType=Consumer;environment=Prod_southeastasia_prod-s01-065-apac-southeastasia;migrationStage=NotStarted}
{"logTime": "1222/154746", "correlationVector":"c+PNSbgaN22EysUybjMqdW","action":"Commit Request", "result":"", "context":Item count: 4
Contributing types: Sessions, History}
{"logTime": "1222/154747", "correlationVector":"c+PNSbgaN22EysUybjMqdW.1","action":"SyncServerConnectionManagerRequest", "result":"SYNC_SERVER_OK", "context":{"environment":"Prod_southeastasia_prod-s01-065-apac-southeastasia", "migrationStage":"NotStarted", "server":"akswtt00300002z"}}
{"logTime": "1222/154747", "correlationVector":"c+PNSbgaN22EysUybjMqdW.2","action":"Commit Response", "result":"Success", "context":Result: Success. cV=c+PNSbgaN22EysUybjMqdW.0;server=akswtt00300002z;cloudType=Consumer;environment=Prod_southeastasia_prod-s01-065-apac-southeastasia;migrationStage=NotStarted}
{"logTime": "1222/154819", "correlationVector":"77mTgL0iJuPyKwg+LamIAN","action":"Commit Request", "result":"", "context":Item count: 5
Contributing types: Sessions, History}
{"logTime": "1222/154822", "correlationVector":"77mTgL0iJuPyKwg+LamIAN.1","action":"SyncServerConnectionManagerRequest", "result":"SYNC_SERVER_OK", "context":{"environment":"Prod_southeastasia_prod-s01-065-apac-southeastasia", "migrationStage":"NotStarted", "server":"akswtt00300002x"}}
{"logTime": "1222/154822", "correlationVector":"77mTgL0iJuPyKwg+LamIAN.2","action":"Commit Response", "result":"Success", "context":Result: Success. cV=77mTgL0iJuPyKwg+LamIAN.0;server=akswtt00300002x;cloudType=Consumer;environment=Prod_southeastasia_prod-s01-065-apac-southeastasia;migrationStage=NotStarted}
{"logTime": "1222/154855", "correlationVector":"YGmV5zjfxPCdLQM8U1JVjK","action":"Commit Request", "result":"", "context":Item count: 4
Contributing types: Sessions, History}
{"logTime": "1222/154857", "correlationVector":"YGmV5zjfxPCdLQM8U1JVjK.1","action":"SyncServerConnectionManagerRequest", "result":"SYNC_SERVER_OK", "context":{"environment":"Prod_southeastasia_prod-s01-065-apac-southeastasia", "migrationStage":"NotStarted", "server":"akswtt00300000w"}}
{"logTime": "1222/154857", "correlationVector":"YGmV5zjfxPCdLQM8U1JVjK.2","action":"Commit Response", "result":"Success", "context":Result: Success. cV=YGmV5zjfxPCdLQM8U1JVjK.0;server=akswtt00300000w;cloudType=Consumer;environment=Prod_southeastasia_prod-s01-065-apac-southeastasia;migrationStage=NotStarted}
{"logTime": "1222/154953", "correlationVector":"0VbkRPpqLDVBNTsUP6a9wo","action":"Commit Request", "result":"", "context":Item count: 1
Contributing types: Sessions}
{"logTime": "1222/154953", "correlationVector":"0VbkRPpqLDVBNTsUP6a9wo.1","action":"SyncServerConnectionManagerRequest", "result":"SYNC_SERVER_OK", "context":{"environment":"Prod_southeastasia_prod-s01-065-apac-southeastasia", "migrationStage":"NotStarted", "server":"akswtt00300001x"}}
{"logTime": "1222/154953", "correlationVector":"0VbkRPpqLDVBNTsUP6a9wo.2","action":"Commit Response", "result":"Success", "context":Result: Success. cV=0VbkRPpqLDVBNTsUP6a9wo.0;server=akswtt00300001x;cloudType=Consumer;environment=Prod_southeastasia_prod-s01-065-apac-southeastasia;migrationStage=NotStarted}
{"logTime": "1222/155027", "correlationVector":"hkKc1kjdqO0ZnFwhBO+KkX","action":"Commit Request", "result":"", "context":Item count: 1
Contributing types: Sessions}
{"logTime": "1222/155028", "correlationVector":"hkKc1kjdqO0ZnFwhBO+KkX.1","action":"SyncServerConnectionManagerRequest", "result":"SYNC_SERVER_OK", "context":{"environment":"Prod_southeastasia_prod-s01-065-apac-southeastasia", "migrationStage":"NotStarted", "server":"akswtt00300002u"}}
{"logTime": "1222/155028", "correlationVector":"hkKc1kjdqO0ZnFwhBO+KkX.2","action":"Commit Response", "result":"Success", "context":Result: Success. cV=hkKc1kjdqO0ZnFwhBO+KkX.0;server=akswtt00300002u;cloudType=Consumer;environment=Prod_southeastasia_prod-s01-065-apac-southeastasia;migrationStage=NotStarted}
{"logTime": "1222/155114", "correlationVector":"Qksq7x1BorW6onGNyEo9SL","action":"Commit Request", "result":"", "context":Item count: 1
Contributing types: Sessions}
{"logTime": "1222/155120", "correlationVector":"Qksq7x1BorW6onGNyEo9SL.1","action":"SyncServerConnectionManagerRequest", "result":"SYNC_SERVER_OK", "context":{"environment":"Prod_southeastasia_prod-s01-065-apac-southeastasia", "migrationStage":"NotStarted", "server":"akswtt00300002z"}}
{"logTime": "1222/155120", "correlationVector":"Qksq7x1BorW6onGNyEo9SL.2","action":"Commit Response", "result":"Success", "context":Result: Success. cV=Qksq7x1BorW6onGNyEo9SL.0;server=akswtt00300002z;cloudType=Consumer;environment=Prod_southeastasia_prod-s01-065-apac-southeastasia;migrationStage=NotStarted}
{"logTime": "1222/155150", "correlationVector":"oRvVIUo4/kTyVsAa3/vSqW","action":"Commit Request", "result":"", "context":Item count: 1
Contributing types: Sessions}
{"logTime": "1222/155152", "correlationVector":"oRvVIUo4/kTyVsAa3/vSqW.1","action":"SyncServerConnectionManagerRequest", "result":"SYNC_SERVER_OK", "context":{"environment":"Prod_southeastasia_prod-s01-065-apac-southeastasia", "migrationStage":"NotStarted", "server":"akswtt00300001u"}}
{"logTime": "1222/155152", "correlationVector":"oRvVIUo4/kTyVsAa3/vSqW.2","action":"Commit Response", "result":"Success", "context":Result: Success. cV=oRvVIUo4/kTyVsAa3/vSqW.0;server=akswtt00300001u;cloudType=Consumer;environment=Prod_southeastasia_prod-s01-065-apac-southeastasia;migrationStage=NotStarted}
{"logTime": "1222/155230", "correlationVector":"FeIj+yloVw+FKS5pNA4Lpb","action":"Commit Request", "result":"", "context":Item count: 1
Contributing types: Sessions}
{"logTime": "1222/155234", "correlationVector":"FeIj+yloVw+FKS5pNA4Lpb.1","action":"SyncServerConnectionManagerRequest", "result":"SYNC_SERVER_OK", "context":{"environment":"Prod_southeastasia_prod-s01-065-apac-southeastasia", "migrationStage":"NotStarted", "server":"akswtt003000015"}}
{"logTime": "1222/155234", "correlationVector":"FeIj+yloVw+FKS5pNA4Lpb.2","action":"Commit Response", "result":"Success", "context":Result: Success. cV=FeIj+yloVw+FKS5pNA4Lpb.0;server=akswtt003000015;cloudType=Consumer;environment=Prod_southeastasia_prod-s01-065-apac-southeastasia;migrationStage=NotStarted}
