2024-12-22 05:51:00.865: [INFO][Sync] Reset engine, reason: 8
2024-12-22 05:51:00.865: [INFO][Sync] Stopped: Bookmarks
2024-12-22 05:51:00.865: [INFO][Sync] Stopped: Preferences
2024-12-22 05:51:00.865: [INFO][Sync] Stopped: Passwords
2024-12-22 05:51:00.865: [INFO][Sync] Stopped: Autofill Profiles
2024-12-22 05:51:00.865: [INFO][Sync] Stopped: Autofill
2024-12-22 05:51:00.865: [INFO][Sync] Stopped: Typed URLs
2024-12-22 05:51:00.865: [INFO][Sync] Stopped: Extensions
2024-12-22 05:51:00.865: [INFO][Sync] Stopped: Sessions
2024-12-22 05:51:00.865: [INFO][Sync] Stopped: Extension settings
2024-12-22 05:51:00.865: [INFO][Sync] Stopped: History Delete Directives
2024-12-22 05:51:00.865: [INFO][Sync] Stopped: Device Info
2024-12-22 05:51:00.865: [INFO][Sync] Stopped: User Consents
2024-12-22 05:51:00.865: [INFO][Sync] Stopped: Send Tab To Self
2024-12-22 05:51:00.865: [INFO][Sync] Stopped: Web Apps
2024-12-22 05:51:00.866: [INFO][Sync] Stopped: History
2024-12-22 05:51:00.866: [INFO][Sync] Stopped: Collection
2024-12-22 05:51:00.866: [INFO][Sync] Stopped: Edge E Drop
2024-12-22 05:51:00.866: [INFO][Sync] Stopped: Edge Hub App Usage
2024-12-22 05:51:00.866: [INFO][Sync] Stopped: Edge Tab Group
2024-12-22 05:51:00.866: [INFO][Sync] Stopped: Edge Wallet
2024-12-22 05:51:00.866: [INFO][Sync] SyncState after authenticated was: NotSignedIn
2024-12-22 05:51:01.085: [INFO][Sync] Reset engine, reason: 8
2024-12-22 05:51:01.085: [INFO][Sync] Stopped: Bookmarks
2024-12-22 05:51:01.085: [INFO][Sync] Stopped: Preferences
2024-12-22 05:51:01.085: [INFO][Sync] Stopped: Passwords
2024-12-22 05:51:01.085: [INFO][Sync] Stopped: Autofill Profiles
2024-12-22 05:51:01.085: [INFO][Sync] Stopped: Autofill
2024-12-22 05:51:01.085: [INFO][Sync] Stopped: Typed URLs
2024-12-22 05:51:01.085: [INFO][Sync] Stopped: Extensions
2024-12-22 05:51:01.085: [INFO][Sync] Stopped: Sessions
2024-12-22 05:51:01.085: [INFO][Sync] Stopped: Extension settings
2024-12-22 05:51:01.085: [INFO][Sync] Stopped: History Delete Directives
2024-12-22 05:51:01.085: [INFO][Sync] Stopped: Device Info
2024-12-22 05:51:01.085: [INFO][Sync] Stopped: User Consents
2024-12-22 05:51:01.085: [INFO][Sync] Stopped: Send Tab To Self
2024-12-22 05:51:01.085: [INFO][Sync] Stopped: Web Apps
2024-12-22 05:51:01.085: [INFO][Sync] Stopped: History
2024-12-22 05:51:01.085: [INFO][Sync] Stopped: Collection
2024-12-22 05:51:01.085: [INFO][Sync] Stopped: Edge E Drop
2024-12-22 05:51:01.085: [INFO][Sync] Stopped: Edge Hub App Usage
2024-12-22 05:51:01.085: [INFO][Sync] Stopped: Edge Tab Group
2024-12-22 05:51:01.085: [INFO][Sync] Stopped: Edge Wallet
2024-12-22 05:51:04.175: [INFO][Sync] Try to start sync engine
2024-12-22 05:51:04.176: [INFO][SyncManagerImpl::NudgeForInitialDownload] Initial download nudge for Encryption Keys
2024-12-22 05:51:04.176: [INFO][SyncEngineBackend::LoadAndConnectNigoriController] Load and connect Nigori controller
2024-12-22 05:51:04.176: [INFO][SyncEngineBackend::DoInitialize] Control Types added: Encryption Keys
2024-12-22 05:51:04.176: [INFO][SyncManagerImpl::ConfigureSyncer] Types to download: Encryption Keys with reason: 3
2024-12-22 05:51:04.176: [INFO][SyncSchedulerImpl::DoConfigurationSyncCycleJob] Configure job was blocked
2024-12-22 05:51:04.252: [INFO][SyncAuthManager::SetLastAuthError] Current auth error: None
2024-12-22 05:51:04.252: [INFO][SyncAuthManager::EdgeLogTokenErrorState] Token error with: None for account type: MSA
2024-12-22 05:51:04.252: [INFO][Sync] Credentials changed for: EdgeSyncScopeNew
2024-12-22 05:51:07.638: [INFO][SyncAuthManager::SetLastAuthError] Current auth error: None
2024-12-22 05:51:07.638: [INFO][SyncAuthManager::EdgeLogTokenErrorState] Token error with: None for account type: MSA
2024-12-22 05:51:07.638: [INFO][Sync] Credentials changed for: EdgeSyncKeyDataScope
2024-12-22 05:51:07.639: [INFO][SyncEngineBackend::DoUpdateKeyDataCredentials] Update key data credentials
2024-12-22 05:51:07.639: [INFO][SyncEngineBackend::DoUpdateCredentials] Update credentials
2024-12-22 05:51:07.639: [INFO][SyncSchedulerImpl::DoConfigurationSyncCycleJob] Blocked types:  and types to download: Encryption Keys
2024-12-22 05:51:13.597: [INFO][Sync] Started DataTypeManager configuration, reason: 4
2024-12-22 05:51:13.597: [INFO][Sync] Configuring for: Bookmarks, Preferences, Passwords, Autofill Profiles, Autofill, Typed URLs, Extensions, Sessions, Extension settings, History Delete Directives, Device Info, User Consents, Send Tab To Self, Web Apps, Collection, Edge E Drop, Edge Hub App Usage, Edge Tab Group, Edge Wallet, Encryption Keys, reason: 3, current state: 0
2024-12-22 05:51:13.597: [INFO][Sync] Configure, desired: Bookmarks, Preferences, Typed URLs, Extensions, Sessions, Extension settings, History Delete Directives, Device Info, User Consents, Send Tab To Self, Web Apps, Collection, Edge E Drop, Edge Hub App Usage, Edge Tab Group, Edge Wallet, Encryption Keys; Allow fail: Passwords, Autofill Profiles, Autofill
2024-12-22 05:51:13.597: [INFO][Sync] Loading: Bookmarks
2024-12-22 05:51:13.597: [INFO][Sync] Loading: Preferences
2024-12-22 05:51:13.597: [INFO][Sync] Loading: Typed URLs
2024-12-22 05:51:13.597: [INFO][Sync] Loading: Extensions
2024-12-22 05:51:13.597: [INFO][Sync] Loading: Sessions
2024-12-22 05:51:13.597: [INFO][Sync] Loading: Extension settings
2024-12-22 05:51:13.597: [INFO][Sync] Loading: History Delete Directives
2024-12-22 05:51:13.597: [INFO][Sync] Loading: Device Info
2024-12-22 05:51:13.597: [INFO][Sync] Loading: User Consents
2024-12-22 05:51:13.597: [INFO][Sync] Loading: Send Tab To Self
2024-12-22 05:51:13.597: [INFO][Sync] Loading: Web Apps
2024-12-22 05:51:13.597: [INFO][Sync] Loading: Collection
2024-12-22 05:51:13.597: [INFO][Sync] Loading: Edge E Drop
2024-12-22 05:51:13.597: [INFO][Sync] Loading: Edge Hub App Usage
2024-12-22 05:51:13.597: [INFO][Sync] Loading: Edge Tab Group
2024-12-22 05:51:13.597: [INFO][Sync] Loading: Edge Wallet
2024-12-22 05:51:13.598: [INFO][Sync] All data types are ready for configure.
2024-12-22 05:51:18.661: [INFO][SyncEngineBackend::DoStartConfiguration] Start configuration
2024-12-22 05:51:18.661: [INFO][SyncManagerImpl::NudgeForInitialDownload] Initial download nudge for Bookmarks
2024-12-22 05:51:18.661: [INFO][SyncManagerImpl::NudgeForInitialDownload] Initial download nudge for Preferences
2024-12-22 05:51:18.661: [INFO][SyncManagerImpl::NudgeForInitialDownload] Initial download nudge for Typed URLs
2024-12-22 05:51:18.661: [INFO][SyncManagerImpl::NudgeForInitialDownload] Initial download nudge for Extensions
2024-12-22 05:51:18.661: [INFO][SyncManagerImpl::NudgeForInitialDownload] Initial download nudge for Sessions
2024-12-22 05:51:18.661: [INFO][SyncManagerImpl::NudgeForInitialDownload] Initial download nudge for Extension settings
2024-12-22 05:51:18.661: [INFO][SyncManagerImpl::NudgeForInitialDownload] Initial download nudge for History Delete Directives
2024-12-22 05:51:18.661: [INFO][SyncManagerImpl::NudgeForInitialDownload] Initial download nudge for Device Info
2024-12-22 05:51:18.661: [INFO][SyncManagerImpl::NudgeForInitialDownload] Initial download nudge for Send Tab To Self
2024-12-22 05:51:18.661: [INFO][SyncManagerImpl::NudgeForInitialDownload] Initial download nudge for Web Apps
2024-12-22 05:51:18.661: [INFO][SyncManagerImpl::NudgeForInitialDownload] Initial download nudge for Collection
2024-12-22 05:51:18.662: [INFO][SyncManagerImpl::NudgeForInitialDownload] Initial download nudge for Edge E Drop
2024-12-22 05:51:18.662: [INFO][SyncManagerImpl::NudgeForInitialDownload] Initial download nudge for Edge Hub App Usage
2024-12-22 05:51:18.662: [INFO][SyncManagerImpl::NudgeForInitialDownload] Initial download nudge for Edge Tab Group
2024-12-22 05:51:18.662: [INFO][SyncManagerImpl::NudgeForInitialDownload] Initial download nudge for Edge Wallet
2024-12-22 05:51:18.662: [INFO][SyncManagerImpl::ConfigureSyncer] Types to download:  with reason: 3
2024-12-22 05:51:18.662: [INFO][SyncEngineBackend::DoFinishConfigureDataTypes] Failed to download types:  and succeeded types: 
2024-12-22 05:51:18.662: [INFO][Sync] Started DataTypeManager configuration, reason: 5
2024-12-22 05:51:18.662: [INFO][Sync] Configuring for: Bookmarks, Preferences, Passwords, Autofill Profiles, Autofill, Typed URLs, Extensions, Sessions, Extension settings, History Delete Directives, Device Info, User Consents, Send Tab To Self, Web Apps, Collection, Edge E Drop, Edge Hub App Usage, Edge Tab Group, Edge Wallet, Encryption Keys, reason: 5, current state: 1
2024-12-22 05:51:18.662: [INFO][Sync] ConfigurationDone, failed: , succeeded: , remaining count: 3
2024-12-22 05:51:18.662: [WARN][Sync]     Reconfigure requested while configuration ongoing.
2024-12-22 05:51:18.662: [INFO][Sync] Configuring for: Bookmarks, Preferences, Passwords, Autofill Profiles, Autofill, Typed URLs, Extensions, Sessions, Extension settings, History Delete Directives, Device Info, User Consents, Send Tab To Self, Web Apps, Collection, Edge E Drop, Edge Hub App Usage, Edge Tab Group, Edge Wallet, Encryption Keys, reason: 5, current state: 2
2024-12-22 05:51:18.662: [INFO][Sync] Configure, desired: Bookmarks, Preferences, Passwords, Autofill Profiles, Autofill, Typed URLs, Extensions, Sessions, Extension settings, History Delete Directives, Device Info, User Consents, Send Tab To Self, Web Apps, Collection, Edge E Drop, Edge Hub App Usage, Edge Tab Group, Edge Wallet, Encryption Keys; Allow fail: 
2024-12-22 05:51:18.663: [INFO][Sync] Loading: Passwords
2024-12-22 05:51:18.663: [INFO][Sync] Loading: Autofill Profiles
2024-12-22 05:51:18.663: [INFO][Sync] Loading: Autofill
2024-12-22 05:51:18.663: [INFO][Sync] All data types are ready for configure.
2024-12-22 05:51:18.663: [INFO][SyncManagerImpl::NudgeForInitialDownload] Initial download nudge for Passwords
2024-12-22 05:51:18.663: [INFO][SyncManagerImpl::NudgeForInitialDownload] Initial download nudge for Autofill Profiles
2024-12-22 05:51:18.663: [INFO][SyncManagerImpl::NudgeForInitialDownload] Initial download nudge for Autofill
2024-12-22 05:51:18.663: [INFO][SyncManagerImpl::ConfigureSyncer] Types to download:  with reason: 5
2024-12-22 05:51:18.663: [INFO][SyncEngineBackend::DoFinishConfigureDataTypes] Failed to download types:  and succeeded types: 
2024-12-22 05:51:18.663: [INFO][Sync] ConfigurationDone, failed: , succeeded: , remaining count: 3
2024-12-22 05:51:18.663: [INFO][Sync] Prepare to configure types: Preferences, Passwords, Device Info, Send Tab To Self, Edge E Drop, Encryption Keys
2024-12-22 05:51:18.663: [INFO][SyncManagerImpl::ConfigureSyncer] Types to download: Preferences, Passwords, Device Info, Send Tab To Self, Edge E Drop, Encryption Keys with reason: 5
2024-12-22 05:51:18.663: [INFO][SyncSchedulerImpl::DoConfigurationSyncCycleJob] Blocked types:  and types to download: Preferences, Passwords, Device Info, Send Tab To Self, Edge E Drop, Encryption Keys
2024-12-22 05:51:22.569: [INFO][SyncEngineBackend::DoFinishConfigureDataTypes] Failed to download types:  and succeeded types: Preferences, Passwords, Device Info, Send Tab To Self, Edge E Drop, Encryption Keys
2024-12-22 05:51:22.572: [INFO][Sync] ConfigurationDone, failed: , succeeded: Preferences, Passwords, Device Info, Send Tab To Self, Edge E Drop, Encryption Keys, remaining count: 2
2024-12-22 05:51:22.572: [INFO][Sync] Prepare to configure types: Bookmarks, Encryption Keys
2024-12-22 05:51:22.572: [INFO][SyncManagerImpl::ConfigureSyncer] Types to download: Bookmarks, Encryption Keys with reason: 5
2024-12-22 05:51:22.572: [INFO][SyncSchedulerImpl::DoConfigurationSyncCycleJob] Blocked types:  and types to download: Bookmarks, Encryption Keys
2024-12-22 05:51:23.099: [INFO][SyncEngineBackend::DoFinishConfigureDataTypes] Failed to download types:  and succeeded types: Bookmarks, Encryption Keys
2024-12-22 05:51:23.102: [INFO][Sync] ConfigurationDone, failed: , succeeded: Bookmarks, Encryption Keys, remaining count: 1
2024-12-22 05:51:23.102: [INFO][Sync] Prepare to configure types: Autofill Profiles, Autofill, Typed URLs, Extensions, Sessions, Extension settings, History Delete Directives, Web Apps, Collection, Edge Hub App Usage, Edge Tab Group, Edge Wallet, Encryption Keys
2024-12-22 05:51:23.102: [INFO][SyncManagerImpl::ConfigureSyncer] Types to download: Autofill Profiles, Autofill, Typed URLs, Extensions, Sessions, Extension settings, History Delete Directives, Web Apps, Collection, Edge Hub App Usage, Edge Tab Group, Edge Wallet, Encryption Keys with reason: 5
2024-12-22 05:51:23.102: [INFO][SyncSchedulerImpl::DoConfigurationSyncCycleJob] Blocked types:  and types to download: Autofill Profiles, Autofill, Typed URLs, Extensions, Sessions, Extension settings, History Delete Directives, Web Apps, Collection, Edge Hub App Usage, Edge Tab Group, Edge Wallet, Encryption Keys
2024-12-22 05:51:25.494: [INFO][SyncEngineBackend::DoFinishConfigureDataTypes] Failed to download types:  and succeeded types: Autofill Profiles, Autofill, Typed URLs, Extensions, Sessions, Extension settings, History Delete Directives, Web Apps, Collection, Edge Hub App Usage, Edge Tab Group, Edge Wallet, Encryption Keys
2024-12-22 05:51:25.495: [INFO][Sync] ConfigurationDone, failed: , succeeded: Autofill Profiles, Autofill, Typed URLs, Extensions, Sessions, Extension settings, History Delete Directives, Web Apps, Collection, Edge Hub App Usage, Edge Tab Group, Edge Wallet, Encryption Keys, remaining count: 0
2024-12-22 05:51:25.495: [INFO][Sync]     Configuration completed, state: 7
2024-12-22 05:51:25.496: [INFO][Sync] Configured DataTypeManager: Ok
2024-12-22 05:51:25.496: [INFO][SyncEngineBackend::DoStartSyncing] Start syncing
2024-12-22 06:33:20.291: [INFO][Sync] Reset engine, reason: 0
2024-12-22 06:33:20.291: [INFO][Sync] Reset engine with reason: 0
2024-12-22 06:34:11.228: [INFO][Sync] SyncState after authenticated was: FeatureCanStart
2024-12-22 06:34:11.596: [INFO][Sync] Try to start sync engine
2024-12-22 06:34:11.597: [INFO][SyncManagerImpl::NudgeForInitialDownload] Initial download nudge for Encryption Keys
2024-12-22 06:34:11.597: [INFO][SyncEngineBackend::LoadAndConnectNigoriController] Load and connect Nigori controller
2024-12-22 06:34:11.597: [INFO][SyncEngineBackend::DoInitialize] Control Types added: Encryption Keys
2024-12-22 06:34:11.597: [INFO][SyncManagerImpl::ConfigureSyncer] Types to download: Encryption Keys with reason: 3
2024-12-22 06:34:11.597: [INFO][SyncSchedulerImpl::DoConfigurationSyncCycleJob] Configure job was blocked
2024-12-22 06:34:11.639: [INFO][SyncAuthManager::SetLastAuthError] Current auth error: None
2024-12-22 06:34:11.639: [INFO][SyncAuthManager::EdgeLogTokenErrorState] Token error with: None for account type: MSA
2024-12-22 06:34:11.639: [INFO][Sync] Credentials changed for: EdgeSyncScopeNew
2024-12-22 06:34:12.503: [INFO][SyncAuthManager::SetLastAuthError] Current auth error: None
2024-12-22 06:34:12.503: [INFO][SyncAuthManager::EdgeLogTokenErrorState] Token error with: None for account type: MSA
2024-12-22 06:34:12.503: [INFO][Sync] Credentials changed for: EdgeSyncKeyDataScope
2024-12-22 06:34:12.503: [INFO][SyncEngineBackend::DoUpdateKeyDataCredentials] Update key data credentials
2024-12-22 06:34:12.503: [INFO][SyncEngineBackend::DoUpdateCredentials] Update credentials
2024-12-22 06:34:12.503: [INFO][SyncSchedulerImpl::DoConfigurationSyncCycleJob] Blocked types:  and types to download: Encryption Keys
2024-12-22 06:34:13.768: [INFO][Sync] Started DataTypeManager configuration, reason: 4
2024-12-22 06:34:13.768: [INFO][Sync] Configuring for: Bookmarks, Preferences, Passwords, Autofill Profiles, Autofill, Extensions, Sessions, Extension settings, History Delete Directives, Device Info, User Consents, Send Tab To Self, Web Apps, History, Collection, Edge E Drop, Edge Hub App Usage, Edge Tab Group, Edge Wallet, Encryption Keys, reason: 4, current state: 0
2024-12-22 06:34:13.771: [INFO][Sync] Configure, desired: Bookmarks, Preferences, Extensions, Sessions, Extension settings, History Delete Directives, Device Info, User Consents, Send Tab To Self, Web Apps, History, Collection, Edge E Drop, Edge Hub App Usage, Edge Tab Group, Edge Wallet, Encryption Keys; Allow fail: Passwords, Autofill Profiles, Autofill
2024-12-22 06:34:13.771: [INFO][Sync] Loading: Bookmarks
2024-12-22 06:34:13.771: [INFO][Sync] Loading: Preferences
2024-12-22 06:34:13.771: [INFO][Sync] Loading: Extensions
2024-12-22 06:34:13.771: [INFO][Sync] Loading: Sessions
2024-12-22 06:34:13.771: [INFO][Sync] Loading: Extension settings
2024-12-22 06:34:13.771: [INFO][Sync] Loading: History Delete Directives
2024-12-22 06:34:13.771: [INFO][Sync] Loading: Device Info
2024-12-22 06:34:13.771: [INFO][Sync] Loading: User Consents
2024-12-22 06:34:13.771: [INFO][Sync] Loading: Send Tab To Self
2024-12-22 06:34:13.771: [INFO][Sync] Loading: Web Apps
2024-12-22 06:34:13.771: [INFO][Sync] Loading: History
2024-12-22 06:34:13.771: [INFO][Sync] Loading: Collection
2024-12-22 06:34:13.771: [INFO][Sync] Loading: Edge E Drop
2024-12-22 06:34:13.771: [INFO][Sync] Loading: Edge Hub App Usage
2024-12-22 06:34:13.771: [INFO][Sync] Loading: Edge Tab Group
2024-12-22 06:34:13.771: [INFO][Sync] Loading: Edge Wallet
2024-12-22 06:34:13.778: [INFO][Sync] All data types are ready for configure.
2024-12-22 06:34:14.561: [INFO][SyncEngineBackend::DoStartConfiguration] Start configuration
2024-12-22 06:34:14.561: [INFO][SyncManagerImpl::NudgeForInitialDownload] Initial download nudge for History
2024-12-22 06:34:14.562: [INFO][SyncManagerImpl::ConfigureSyncer] Types to download:  with reason: 4
2024-12-22 06:34:14.562: [INFO][SyncEngineBackend::DoFinishConfigureDataTypes] Failed to download types:  and succeeded types: 
2024-12-22 06:34:14.562: [INFO][Sync] Started DataTypeManager configuration, reason: 5
2024-12-22 06:34:14.562: [INFO][Sync] Configuring for: Bookmarks, Preferences, Passwords, Autofill Profiles, Autofill, Extensions, Sessions, Extension settings, History Delete Directives, Device Info, User Consents, Send Tab To Self, Web Apps, History, Collection, Edge E Drop, Edge Hub App Usage, Edge Tab Group, Edge Wallet, Encryption Keys, reason: 5, current state: 1
2024-12-22 06:34:14.565: [INFO][Sync] ConfigurationDone, failed: , succeeded: , remaining count: 4
2024-12-22 06:34:14.565: [WARN][Sync]     Reconfigure requested while configuration ongoing.
2024-12-22 06:34:14.565: [INFO][Sync] Configuring for: Bookmarks, Preferences, Passwords, Autofill Profiles, Autofill, Extensions, Sessions, Extension settings, History Delete Directives, Device Info, User Consents, Send Tab To Self, Web Apps, History, Collection, Edge E Drop, Edge Hub App Usage, Edge Tab Group, Edge Wallet, Encryption Keys, reason: 5, current state: 2
2024-12-22 06:34:14.565: [INFO][Sync] Configure, desired: Bookmarks, Preferences, Passwords, Autofill Profiles, Autofill, Extensions, Sessions, Extension settings, History Delete Directives, Device Info, User Consents, Send Tab To Self, Web Apps, History, Collection, Edge E Drop, Edge Hub App Usage, Edge Tab Group, Edge Wallet, Encryption Keys; Allow fail: 
2024-12-22 06:34:14.565: [INFO][Sync] Loading: Passwords
2024-12-22 06:34:14.565: [INFO][Sync] Loading: Autofill Profiles
2024-12-22 06:34:14.565: [INFO][Sync] Loading: Autofill
2024-12-22 06:34:14.565: [INFO][Sync] All data types are ready for configure.
2024-12-22 06:34:14.565: [INFO][SyncManagerImpl::NudgeForInitialDownload] Initial download nudge for Passwords
2024-12-22 06:34:14.565: [INFO][SyncManagerImpl::ConfigureSyncer] Types to download:  with reason: 5
2024-12-22 06:34:14.565: [INFO][SyncEngineBackend::DoFinishConfigureDataTypes] Failed to download types:  and succeeded types: 
2024-12-22 06:34:14.567: [INFO][Sync] ConfigurationDone, failed: , succeeded: , remaining count: 4
2024-12-22 06:34:14.567: [INFO][Sync] Prepare to configure types: Passwords, Encryption Keys
2024-12-22 06:34:14.567: [INFO][SyncManagerImpl::ConfigureSyncer] Types to download: Passwords, Encryption Keys with reason: 5
2024-12-22 06:34:14.567: [INFO][SyncSchedulerImpl::DoConfigurationSyncCycleJob] Blocked types:  and types to download: Passwords, Encryption Keys
2024-12-22 06:34:15.219: [INFO][SyncEngineBackend::DoFinishConfigureDataTypes] Failed to download types:  and succeeded types: Passwords, Encryption Keys
2024-12-22 06:34:15.221: [INFO][Sync] ConfigurationDone, failed: , succeeded: Passwords, Encryption Keys, remaining count: 3
2024-12-22 06:34:15.221: [INFO][SyncManagerImpl::ConfigureSyncer] Types to download:  with reason: 5
2024-12-22 06:34:15.222: [INFO][SyncEngineBackend::DoFinishConfigureDataTypes] Failed to download types:  and succeeded types: 
2024-12-22 06:34:15.222: [INFO][Sync] ConfigurationDone, failed: , succeeded: , remaining count: 2
2024-12-22 06:34:15.222: [INFO][SyncManagerImpl::ConfigureSyncer] Types to download:  with reason: 5
2024-12-22 06:34:15.222: [INFO][SyncEngineBackend::DoFinishConfigureDataTypes] Failed to download types:  and succeeded types: 
2024-12-22 06:34:15.224: [INFO][Sync] ConfigurationDone, failed: , succeeded: , remaining count: 1
2024-12-22 06:34:15.226: [INFO][Sync] Prepare to configure types: History, Encryption Keys
2024-12-22 06:34:15.226: [INFO][SyncManagerImpl::ConfigureSyncer] Types to download: History, Encryption Keys with reason: 5
2024-12-22 06:34:15.226: [INFO][SyncSchedulerImpl::DoConfigurationSyncCycleJob] Blocked types:  and types to download: History, Encryption Keys
2024-12-22 06:34:15.617: [INFO][SyncEngineBackend::DoFinishConfigureDataTypes] Failed to download types:  and succeeded types: History, Encryption Keys
2024-12-22 06:34:15.620: [INFO][Sync] ConfigurationDone, failed: , succeeded: History, Encryption Keys, remaining count: 0
2024-12-22 06:34:15.622: [INFO][Sync]     Configuration completed, state: 7
2024-12-22 06:34:15.622: [INFO][Sync] Configured DataTypeManager: Ok
2024-12-22 06:34:15.625: [INFO][SyncEngineBackend::DoStartSyncing] Start syncing
2024-12-22 06:47:31.865: [INFO][Sync] SyncState after authenticated was: FeatureCanStart
2024-12-22 06:47:32.173: [INFO][Sync] Try to start sync engine
2024-12-22 06:47:32.174: [INFO][SyncManagerImpl::NudgeForInitialDownload] Initial download nudge for Encryption Keys
2024-12-22 06:47:32.174: [INFO][SyncEngineBackend::LoadAndConnectNigoriController] Load and connect Nigori controller
2024-12-22 06:47:32.174: [INFO][SyncEngineBackend::DoInitialize] Control Types added: Encryption Keys
2024-12-22 06:47:32.174: [INFO][SyncManagerImpl::ConfigureSyncer] Types to download: Encryption Keys with reason: 3
2024-12-22 06:47:32.174: [INFO][SyncSchedulerImpl::DoConfigurationSyncCycleJob] Configure job was blocked
2024-12-22 06:47:32.210: [INFO][SyncAuthManager::SetLastAuthError] Current auth error: None
2024-12-22 06:47:32.210: [INFO][SyncAuthManager::EdgeLogTokenErrorState] Token error with: None for account type: MSA
2024-12-22 06:47:32.210: [INFO][Sync] Credentials changed for: EdgeSyncScopeNew
2024-12-22 06:47:33.837: [INFO][SyncAuthManager::SetLastAuthError] Current auth error: None
2024-12-22 06:47:33.837: [INFO][SyncAuthManager::EdgeLogTokenErrorState] Token error with: None for account type: MSA
2024-12-22 06:47:33.837: [INFO][Sync] Credentials changed for: EdgeSyncKeyDataScope
2024-12-22 06:47:33.837: [INFO][SyncEngineBackend::DoUpdateKeyDataCredentials] Update key data credentials
2024-12-22 06:47:33.837: [INFO][SyncEngineBackend::DoUpdateCredentials] Update credentials
2024-12-22 06:47:33.837: [INFO][SyncSchedulerImpl::DoConfigurationSyncCycleJob] Blocked types:  and types to download: Encryption Keys
2024-12-22 06:47:35.064: [INFO][Sync] Started DataTypeManager configuration, reason: 4
2024-12-22 06:47:35.064: [INFO][Sync] Configuring for: Bookmarks, Preferences, Passwords, Autofill Profiles, Autofill, Extensions, Sessions, Extension settings, History Delete Directives, Device Info, User Consents, Send Tab To Self, Web Apps, History, Collection, Edge E Drop, Edge Hub App Usage, Edge Tab Group, Edge Wallet, Encryption Keys, reason: 4, current state: 0
2024-12-22 06:47:35.066: [INFO][Sync] Configure, desired: Bookmarks, Preferences, Extensions, Sessions, Extension settings, History Delete Directives, Device Info, User Consents, Send Tab To Self, Web Apps, History, Collection, Edge E Drop, Edge Hub App Usage, Edge Tab Group, Edge Wallet, Encryption Keys; Allow fail: Passwords, Autofill Profiles, Autofill
2024-12-22 06:47:35.066: [INFO][Sync] Loading: Bookmarks
2024-12-22 06:47:35.066: [INFO][Sync] Loading: Preferences
2024-12-22 06:47:35.066: [INFO][Sync] Loading: Extensions
2024-12-22 06:47:35.066: [INFO][Sync] Loading: Sessions
2024-12-22 06:47:35.066: [INFO][Sync] Loading: Extension settings
2024-12-22 06:47:35.066: [INFO][Sync] Loading: History Delete Directives
2024-12-22 06:47:35.066: [INFO][Sync] Loading: Device Info
2024-12-22 06:47:35.066: [INFO][Sync] Loading: User Consents
2024-12-22 06:47:35.066: [INFO][Sync] Loading: Send Tab To Self
2024-12-22 06:47:35.066: [INFO][Sync] Loading: Web Apps
2024-12-22 06:47:35.066: [INFO][Sync] Loading: History
2024-12-22 06:47:35.066: [INFO][Sync] Loading: Collection
2024-12-22 06:47:35.066: [INFO][Sync] Loading: Edge E Drop
2024-12-22 06:47:35.066: [INFO][Sync] Loading: Edge Hub App Usage
2024-12-22 06:47:35.066: [INFO][Sync] Loading: Edge Tab Group
2024-12-22 06:47:35.066: [INFO][Sync] Loading: Edge Wallet
2024-12-22 06:47:35.071: [INFO][Sync] All data types are ready for configure.
2024-12-22 06:47:36.354: [INFO][Sync] Started DataTypeManager configuration, reason: 5
2024-12-22 06:47:36.354: [INFO][SyncEngineBackend::DoStartConfiguration] Start configuration
2024-12-22 06:47:36.354: [INFO][Sync] Configuring for: Bookmarks, Preferences, Passwords, Autofill Profiles, Autofill, Extensions, Sessions, Extension settings, History Delete Directives, Device Info, User Consents, Send Tab To Self, Web Apps, History, Collection, Edge E Drop, Edge Hub App Usage, Edge Tab Group, Edge Wallet, Encryption Keys, reason: 5, current state: 1
2024-12-22 06:47:36.354: [INFO][SyncManagerImpl::ConfigureSyncer] Types to download:  with reason: 4
2024-12-22 06:47:36.354: [INFO][SyncEngineBackend::DoFinishConfigureDataTypes] Failed to download types:  and succeeded types: 
2024-12-22 06:47:36.356: [INFO][Sync] ConfigurationDone, failed: , succeeded: , remaining count: 4
2024-12-22 06:47:36.356: [WARN][Sync]     Reconfigure requested while configuration ongoing.
2024-12-22 06:47:36.356: [INFO][Sync] Configuring for: Bookmarks, Preferences, Passwords, Autofill Profiles, Autofill, Extensions, Sessions, Extension settings, History Delete Directives, Device Info, User Consents, Send Tab To Self, Web Apps, History, Collection, Edge E Drop, Edge Hub App Usage, Edge Tab Group, Edge Wallet, Encryption Keys, reason: 5, current state: 2
2024-12-22 06:47:36.356: [INFO][Sync] Configure, desired: Bookmarks, Preferences, Passwords, Autofill Profiles, Autofill, Extensions, Sessions, Extension settings, History Delete Directives, Device Info, User Consents, Send Tab To Self, Web Apps, History, Collection, Edge E Drop, Edge Hub App Usage, Edge Tab Group, Edge Wallet, Encryption Keys; Allow fail: 
2024-12-22 06:47:36.357: [INFO][Sync] Loading: Passwords
2024-12-22 06:47:36.357: [INFO][Sync] Loading: Autofill Profiles
2024-12-22 06:47:36.357: [INFO][Sync] Loading: Autofill
2024-12-22 06:47:36.357: [INFO][Sync] All data types are ready for configure.
2024-12-22 06:47:36.357: [INFO][SyncManagerImpl::NudgeForInitialDownload] Initial download nudge for Passwords
2024-12-22 06:47:36.357: [INFO][SyncManagerImpl::ConfigureSyncer] Types to download:  with reason: 5
2024-12-22 06:47:36.357: [INFO][SyncEngineBackend::DoFinishConfigureDataTypes] Failed to download types:  and succeeded types: 
2024-12-22 06:47:36.357: [INFO][Sync] ConfigurationDone, failed: , succeeded: , remaining count: 4
2024-12-22 06:47:36.357: [INFO][Sync] Prepare to configure types: Passwords, Encryption Keys
2024-12-22 06:47:36.357: [INFO][SyncManagerImpl::ConfigureSyncer] Types to download: Passwords, Encryption Keys with reason: 5
2024-12-22 06:47:36.357: [INFO][SyncSchedulerImpl::DoConfigurationSyncCycleJob] Blocked types:  and types to download: Passwords, Encryption Keys
2024-12-22 06:47:37.003: [INFO][SyncEngineBackend::DoFinishConfigureDataTypes] Failed to download types:  and succeeded types: Passwords, Encryption Keys
2024-12-22 06:47:37.005: [INFO][Sync] ConfigurationDone, failed: , succeeded: Passwords, Encryption Keys, remaining count: 3
2024-12-22 06:47:37.005: [INFO][SyncManagerImpl::ConfigureSyncer] Types to download:  with reason: 5
2024-12-22 06:47:37.005: [INFO][SyncEngineBackend::DoFinishConfigureDataTypes] Failed to download types:  and succeeded types: 
2024-12-22 06:47:37.005: [INFO][Sync] ConfigurationDone, failed: , succeeded: , remaining count: 2
2024-12-22 06:47:37.005: [INFO][SyncManagerImpl::ConfigureSyncer] Types to download:  with reason: 5
2024-12-22 06:47:37.005: [INFO][SyncEngineBackend::DoFinishConfigureDataTypes] Failed to download types:  and succeeded types: 
2024-12-22 06:47:37.006: [INFO][Sync] ConfigurationDone, failed: , succeeded: , remaining count: 1
2024-12-22 06:47:37.007: [INFO][SyncManagerImpl::ConfigureSyncer] Types to download:  with reason: 5
2024-12-22 06:47:37.007: [INFO][SyncEngineBackend::DoFinishConfigureDataTypes] Failed to download types:  and succeeded types: 
2024-12-22 06:47:37.008: [INFO][Sync] ConfigurationDone, failed: , succeeded: , remaining count: 0
2024-12-22 06:47:37.010: [INFO][Sync]     Configuration completed, state: 7
2024-12-22 06:47:37.010: [INFO][Sync] Configured DataTypeManager: Ok
2024-12-22 06:47:37.013: [INFO][SyncEngineBackend::DoStartSyncing] Start syncing
2024-12-22 11:12:41.882: [INFO][Sync] SyncState after authenticated was: FeatureCanStart
2024-12-22 11:12:42.263: [INFO][Sync] Try to start sync engine
2024-12-22 11:12:42.264: [INFO][SyncManagerImpl::NudgeForInitialDownload] Initial download nudge for Encryption Keys
2024-12-22 11:12:42.264: [INFO][SyncEngineBackend::LoadAndConnectNigoriController] Load and connect Nigori controller
2024-12-22 11:12:42.264: [INFO][SyncEngineBackend::DoInitialize] Control Types added: Encryption Keys
2024-12-22 11:12:42.264: [INFO][SyncManagerImpl::ConfigureSyncer] Types to download: Encryption Keys with reason: 3
2024-12-22 11:12:42.264: [INFO][SyncSchedulerImpl::DoConfigurationSyncCycleJob] Configure job was blocked
2024-12-22 11:12:42.306: [INFO][SyncAuthManager::SetLastAuthError] Current auth error: None
2024-12-22 11:12:42.306: [INFO][SyncAuthManager::EdgeLogTokenErrorState] Token error with: None for account type: MSA
2024-12-22 11:12:42.306: [INFO][Sync] Credentials changed for: EdgeSyncScopeNew
2024-12-22 11:12:44.454: [INFO][SyncAuthManager::SetLastAuthError] Current auth error: None
2024-12-22 11:12:44.454: [INFO][SyncAuthManager::EdgeLogTokenErrorState] Token error with: None for account type: MSA
2024-12-22 11:12:44.454: [INFO][Sync] Credentials changed for: EdgeSyncKeyDataScope
2024-12-22 11:12:44.455: [INFO][SyncEngineBackend::DoUpdateKeyDataCredentials] Update key data credentials
2024-12-22 11:12:44.455: [INFO][SyncEngineBackend::DoUpdateCredentials] Update credentials
2024-12-22 11:12:44.455: [INFO][SyncSchedulerImpl::DoConfigurationSyncCycleJob] Blocked types:  and types to download: Encryption Keys
2024-12-22 11:12:46.480: [INFO][Sync] Started DataTypeManager configuration, reason: 4
2024-12-22 11:12:46.480: [INFO][Sync] Configuring for: Bookmarks, Preferences, Passwords, Autofill Profiles, Autofill, Extensions, Sessions, Extension settings, History Delete Directives, Device Info, User Consents, Send Tab To Self, Web Apps, History, Collection, Edge E Drop, Edge Hub App Usage, Edge Tab Group, Edge Wallet, Encryption Keys, reason: 4, current state: 0
2024-12-22 11:12:46.481: [INFO][Sync] Configure, desired: Bookmarks, Preferences, Extensions, Sessions, Extension settings, History Delete Directives, Device Info, User Consents, Send Tab To Self, Web Apps, History, Collection, Edge E Drop, Edge Hub App Usage, Edge Tab Group, Edge Wallet, Encryption Keys; Allow fail: Passwords, Autofill Profiles, Autofill
2024-12-22 11:12:46.481: [INFO][Sync] Loading: Bookmarks
2024-12-22 11:12:46.481: [INFO][Sync] Loading: Preferences
2024-12-22 11:12:46.481: [INFO][Sync] Loading: Extensions
2024-12-22 11:12:46.481: [INFO][Sync] Loading: Sessions
2024-12-22 11:12:46.481: [INFO][Sync] Loading: Extension settings
2024-12-22 11:12:46.481: [INFO][Sync] Loading: History Delete Directives
2024-12-22 11:12:46.482: [INFO][Sync] Loading: Device Info
2024-12-22 11:12:46.482: [INFO][Sync] Loading: User Consents
2024-12-22 11:12:46.482: [INFO][Sync] Loading: Send Tab To Self
2024-12-22 11:12:46.482: [INFO][Sync] Loading: Web Apps
2024-12-22 11:12:46.482: [INFO][Sync] Loading: History
2024-12-22 11:12:46.482: [INFO][Sync] Loading: Collection
2024-12-22 11:12:46.482: [INFO][Sync] Loading: Edge E Drop
2024-12-22 11:12:46.482: [INFO][Sync] Loading: Edge Hub App Usage
2024-12-22 11:12:46.482: [INFO][Sync] Loading: Edge Tab Group
2024-12-22 11:12:46.482: [INFO][Sync] Loading: Edge Wallet
2024-12-22 11:12:46.486: [INFO][Sync] All data types are ready for configure.
2024-12-22 11:12:47.934: [INFO][Sync] Started DataTypeManager configuration, reason: 5
2024-12-22 11:12:47.934: [INFO][Sync] Configuring for: Bookmarks, Preferences, Passwords, Autofill Profiles, Autofill, Extensions, Sessions, Extension settings, History Delete Directives, Device Info, User Consents, Send Tab To Self, Web Apps, History, Collection, Edge E Drop, Edge Hub App Usage, Edge Tab Group, Edge Wallet, Encryption Keys, reason: 5, current state: 1
2024-12-22 11:12:47.934: [INFO][SyncEngineBackend::DoStartConfiguration] Start configuration
2024-12-22 11:12:47.934: [INFO][SyncManagerImpl::ConfigureSyncer] Types to download:  with reason: 4
2024-12-22 11:12:47.934: [INFO][SyncEngineBackend::DoFinishConfigureDataTypes] Failed to download types:  and succeeded types: 
2024-12-22 11:12:47.936: [INFO][Sync] ConfigurationDone, failed: , succeeded: , remaining count: 4
2024-12-22 11:12:47.936: [WARN][Sync]     Reconfigure requested while configuration ongoing.
2024-12-22 11:12:47.936: [INFO][Sync] Configuring for: Bookmarks, Preferences, Passwords, Autofill Profiles, Autofill, Extensions, Sessions, Extension settings, History Delete Directives, Device Info, User Consents, Send Tab To Self, Web Apps, History, Collection, Edge E Drop, Edge Hub App Usage, Edge Tab Group, Edge Wallet, Encryption Keys, reason: 5, current state: 2
2024-12-22 11:12:47.936: [INFO][Sync] Configure, desired: Bookmarks, Preferences, Passwords, Autofill Profiles, Autofill, Extensions, Sessions, Extension settings, History Delete Directives, Device Info, User Consents, Send Tab To Self, Web Apps, History, Collection, Edge E Drop, Edge Hub App Usage, Edge Tab Group, Edge Wallet, Encryption Keys; Allow fail: 
2024-12-22 11:12:47.936: [INFO][Sync] Loading: Passwords
2024-12-22 11:12:47.936: [INFO][Sync] Loading: Autofill Profiles
2024-12-22 11:12:47.936: [INFO][Sync] Loading: Autofill
2024-12-22 11:12:47.936: [INFO][Sync] All data types are ready for configure.
2024-12-22 11:12:47.936: [INFO][SyncManagerImpl::NudgeForInitialDownload] Initial download nudge for Passwords
2024-12-22 11:12:47.936: [INFO][SyncManagerImpl::ConfigureSyncer] Types to download:  with reason: 5
2024-12-22 11:12:47.936: [INFO][SyncEngineBackend::DoFinishConfigureDataTypes] Failed to download types:  and succeeded types: 
2024-12-22 11:12:47.938: [INFO][Sync] ConfigurationDone, failed: , succeeded: , remaining count: 4
2024-12-22 11:12:47.938: [INFO][Sync] Prepare to configure types: Passwords, Encryption Keys
2024-12-22 11:12:47.938: [INFO][SyncManagerImpl::ConfigureSyncer] Types to download: Passwords, Encryption Keys with reason: 5
2024-12-22 11:12:47.938: [INFO][SyncSchedulerImpl::DoConfigurationSyncCycleJob] Blocked types:  and types to download: Passwords, Encryption Keys
2024-12-22 11:12:48.844: [INFO][SyncEngineBackend::DoFinishConfigureDataTypes] Failed to download types:  and succeeded types: Passwords, Encryption Keys
2024-12-22 11:12:48.846: [INFO][Sync] ConfigurationDone, failed: , succeeded: Passwords, Encryption Keys, remaining count: 3
2024-12-22 11:12:48.846: [INFO][SyncManagerImpl::ConfigureSyncer] Types to download:  with reason: 5
2024-12-22 11:12:48.846: [INFO][SyncEngineBackend::DoFinishConfigureDataTypes] Failed to download types:  and succeeded types: 
2024-12-22 11:12:48.846: [INFO][Sync] ConfigurationDone, failed: , succeeded: , remaining count: 2
2024-12-22 11:12:48.846: [INFO][SyncManagerImpl::ConfigureSyncer] Types to download:  with reason: 5
2024-12-22 11:12:48.846: [INFO][SyncEngineBackend::DoFinishConfigureDataTypes] Failed to download types:  and succeeded types: 
2024-12-22 11:12:48.848: [INFO][Sync] ConfigurationDone, failed: , succeeded: , remaining count: 1
2024-12-22 11:12:48.850: [INFO][SyncManagerImpl::ConfigureSyncer] Types to download:  with reason: 5
2024-12-22 11:12:48.850: [INFO][SyncEngineBackend::DoFinishConfigureDataTypes] Failed to download types:  and succeeded types: 
2024-12-22 11:12:48.850: [INFO][Sync] ConfigurationDone, failed: , succeeded: , remaining count: 0
2024-12-22 11:12:48.852: [INFO][Sync]     Configuration completed, state: 7
2024-12-22 11:12:48.852: [INFO][Sync] Configured DataTypeManager: Ok
2024-12-22 11:12:48.853: [INFO][SyncEngineBackend::DoStartSyncing] Start syncing
2024-12-22 13:51:27.067: [INFO][SyncSchedulerImpl::OnSyncNetworkError] Syncer error: HTTP error (401)
2024-12-22 13:51:27.067: [INFO][Sync] Connection status changed to: 2
2024-12-22 13:51:27.067: [INFO][SyncSchedulerImpl::DoPollSyncCycleJob] Syncer error: Success
2024-12-22 13:51:27.070: [WARN][Sync] NetworkError: HTTP error (401)
2024-12-22 13:51:27.095: [INFO][SyncAuthManager::SetLastAuthError] Current auth error: None
2024-12-22 13:51:27.095: [INFO][SyncAuthManager::EdgeLogTokenErrorState] Token error with: None for account type: MSA
2024-12-22 13:51:27.095: [INFO][Sync] Credentials changed for: EdgeSyncScopeNew
2024-12-22 13:51:29.131: [INFO][SyncAuthManager::SetLastAuthError] Current auth error: None
2024-12-22 13:51:29.131: [INFO][SyncAuthManager::EdgeLogTokenErrorState] Token error with: None for account type: MSA
2024-12-22 13:51:29.131: [INFO][Sync] Credentials changed for: EdgeSyncKeyDataScope
2024-12-22 13:51:29.132: [INFO][SyncEngineBackend::DoUpdateKeyDataCredentials] Update key data credentials
2024-12-22 13:51:29.132: [INFO][SyncEngineBackend::DoUpdateCredentials] Update credentials
2024-12-22 14:45:24.091: [INFO][SyncSchedulerImpl::OnSyncNetworkError] Syncer error: Network error (ERR_CONNECTION_RESET)
2024-12-22 14:45:24.092: [WARN][Sync] NetworkError: Network error (ERR_CONNECTION_RESET)
2024-12-22 14:45:24.096: [INFO][Commit::ReportFullCommitFailure] Commit Sessions, History failed with error: NetworkError
2024-12-22 14:45:24.096: [INFO][SyncSchedulerImpl::DoNudgeSyncCycleJob] Syncer error: Network error (ERR_CONNECTION_RESET)
2024-12-22 15:07:33.787: [INFO][SyncSchedulerImpl::OnSyncNetworkError] Syncer error: Network error (ERR_CONNECTION_RESET)
2024-12-22 15:07:33.787: [INFO][Commit::ReportFullCommitFailure] Commit Sessions failed with error: NetworkError
2024-12-22 15:07:33.787: [INFO][SyncSchedulerImpl::DoNudgeSyncCycleJob] Syncer error: Network error (ERR_CONNECTION_RESET)
2024-12-22 15:07:33.789: [WARN][Sync] NetworkError: Network error (ERR_CONNECTION_RESET)
2024-12-22 15:08:48.809: [INFO][SyncSchedulerImpl::OnSyncNetworkError] Syncer error: Network error (ERR_NAME_NOT_RESOLVED)
2024-12-22 15:08:48.809: [INFO][Commit::ReportFullCommitFailure] Commit Sessions failed with error: NetworkError
2024-12-22 15:08:48.809: [INFO][SyncSchedulerImpl::DoNudgeSyncCycleJob] Syncer error: Network error (ERR_NAME_NOT_RESOLVED)
2024-12-22 15:08:48.810: [WARN][Sync] NetworkError: Network error (ERR_NAME_NOT_RESOLVED)
2024-12-22 15:09:05.383: [INFO][SyncSchedulerImpl::OnSyncNetworkError] Syncer error: Network error (ERR_NAME_NOT_RESOLVED)
2024-12-22 15:09:05.383: [INFO][Commit::ReportFullCommitFailure] Commit Sessions failed with error: NetworkError
2024-12-22 15:09:05.383: [INFO][SyncSchedulerImpl::DoNudgeSyncCycleJob] Syncer error: Network error (ERR_NAME_NOT_RESOLVED)
2024-12-22 15:09:05.385: [WARN][Sync] NetworkError: Network error (ERR_NAME_NOT_RESOLVED)
2024-12-22 15:09:25.957: [INFO][SyncSchedulerImpl::OnSyncNetworkError] Syncer error: Network error (ERR_NAME_NOT_RESOLVED)
2024-12-22 15:09:25.957: [INFO][Commit::ReportFullCommitFailure] Commit Sessions failed with error: NetworkError
2024-12-22 15:09:25.957: [INFO][SyncSchedulerImpl::DoNudgeSyncCycleJob] Syncer error: Network error (ERR_NAME_NOT_RESOLVED)
2024-12-22 15:09:25.958: [WARN][Sync] NetworkError: Network error (ERR_NAME_NOT_RESOLVED)
2024-12-22 15:09:28.384: [INFO][SyncSchedulerImpl::OnSyncNetworkError] Syncer error: Network error (ERR_NAME_NOT_RESOLVED)
2024-12-22 15:09:28.384: [INFO][Commit::ReportFullCommitFailure] Commit Sessions failed with error: NetworkError
2024-12-22 15:09:28.384: [INFO][SyncSchedulerImpl::DoNudgeSyncCycleJob] Syncer error: Network error (ERR_NAME_NOT_RESOLVED)
2024-12-22 15:09:28.386: [WARN][Sync] NetworkError: Network error (ERR_NAME_NOT_RESOLVED)
2024-12-22 15:11:45.971: [INFO][SyncSchedulerImpl::OnSyncNetworkError] Syncer error: Network error (ERR_NETWORK_CHANGED)
2024-12-22 15:11:45.971: [INFO][Commit::ReportFullCommitFailure] Commit Sessions failed with error: NetworkError
2024-12-22 15:11:45.971: [INFO][SyncSchedulerImpl::DoNudgeSyncCycleJob] Syncer error: Network error (ERR_NETWORK_CHANGED)
2024-12-22 15:11:45.974: [WARN][Sync] NetworkError: Network error (ERR_NETWORK_CHANGED)
2024-12-22 15:11:49.352: [INFO][SyncSchedulerImpl::OnSyncNetworkError] Syncer error: Network error (ERR_NETWORK_CHANGED)
2024-12-22 15:11:49.352: [INFO][Commit::ReportFullCommitFailure] Commit Sessions failed with error: NetworkError
2024-12-22 15:11:49.352: [INFO][SyncSchedulerImpl::DoNudgeSyncCycleJob] Syncer error: Network error (ERR_NETWORK_CHANGED)
2024-12-22 15:11:49.355: [WARN][Sync] NetworkError: Network error (ERR_NETWORK_CHANGED)
2024-12-22 15:15:01.056: [INFO][SyncSchedulerImpl::OnSyncNetworkError] Syncer error: Network error (ERR_CONNECTION_RESET)
2024-12-22 15:15:01.056: [INFO][Commit::ReportFullCommitFailure] Commit Sessions failed with error: NetworkError
2024-12-22 15:15:01.056: [INFO][SyncSchedulerImpl::DoNudgeSyncCycleJob] Syncer error: Network error (ERR_CONNECTION_RESET)
2024-12-22 15:15:01.057: [WARN][Sync] NetworkError: Network error (ERR_CONNECTION_RESET)
2024-12-22 15:19:18.026: [INFO][SyncSchedulerImpl::OnSyncNetworkError] Syncer error: Network error (ERR_CONNECTION_RESET)
2024-12-22 15:19:18.027: [INFO][Commit::ReportFullCommitFailure] Commit Sessions failed with error: NetworkError
2024-12-22 15:19:18.027: [INFO][SyncSchedulerImpl::DoNudgeSyncCycleJob] Syncer error: Network error (ERR_CONNECTION_RESET)
2024-12-22 15:19:18.029: [WARN][Sync] NetworkError: Network error (ERR_CONNECTION_RESET)
2024-12-22 15:25:29.247: [INFO][Sync] Connection status changed to: 3
2024-12-22 15:25:29.247: [INFO][SyncSchedulerImpl::OnSyncNetworkError] Syncer error: HTTP error (400)
2024-12-22 15:25:29.247: [INFO][Commit::ReportFullCommitFailure] Commit Sessions, History failed with error: ServerError
2024-12-22 15:25:29.247: [INFO][SyncSchedulerImpl::DoNudgeSyncCycleJob] Syncer error: HTTP error (400)
2024-12-22 15:25:29.249: [WARN][Sync] NetworkError: HTTP error (400)
2024-12-22 15:29:58.803: [INFO][SyncSchedulerImpl::OnSyncNetworkError] Syncer error: Network error (ERR_CONNECTION_RESET)
2024-12-22 15:29:58.803: [INFO][Commit::ReportFullCommitFailure] Commit Sessions, History failed with error: NetworkError
2024-12-22 15:29:58.803: [INFO][SyncSchedulerImpl::DoNudgeSyncCycleJob] Syncer error: Network error (ERR_CONNECTION_RESET)
2024-12-22 15:29:58.805: [WARN][Sync] NetworkError: Network error (ERR_CONNECTION_RESET)
